Log file open, 09/26/20 18:41:54
LogInit: Display: Running engine for game: The_Tailor_Game
LogPlatformFile: Not using cached read wrapper
LogTaskGraph: Started task graph with 5 named threads and 23 total threads with 3 sets of task threads.
LogStats: Stats thread started at 0.174654
LogD3D11RHI: Loaded GFSDK_Aftermath_Lib.x64.dll
LogICUInternationalization: ICU TimeZone Detection - Raw Offset: +0:00, Platform Override: ''
LogPluginManager: Mounting plugin Paper2D
LogPluginManager: Mounting plugin AISupport
LogPluginManager: Mounting plugin LightPropagationVolume
LogPluginManager: Mounting plugin CameraShakePreviewer
LogPluginManager: Mounting plugin ActorLayerUtilities
LogPluginManager: Mounting plugin AnimationSharing
LogPluginManager: Mounting plugin CLionSourceCodeAccess
LogPluginManager: Mounting plugin CodeLiteSourceCodeAccess
LogPluginManager: Mounting plugin KDevelopSourceCodeAccess
LogPluginManager: Mounting plugin NullSourceCodeAccess
LogPluginManager: Mounting plugin PerforceSourceControl
LogPluginManager: Mounting plugin PlasticSourceControl
LogPluginManager: Mounting plugin RiderSourceCodeAccess
LogPluginManager: Mounting plugin SubversionSourceControl
LogPluginManager: Mounting plugin UObjectPlugin
LogPluginManager: Mounting plugin VisualStudioCodeSourceCodeAccess
LogPluginManager: Mounting plugin VisualStudioSourceCodeAccess
LogPluginManager: Mounting plugin XCodeSourceCodeAccess
LogPluginManager: Mounting plugin AssetManagerEditor
LogPluginManager: Mounting plugin CryptoKeys
LogPluginManager: Mounting plugin CurveEditorTools
LogPluginManager: Mounting plugin DataValidation
LogPluginManager: Mounting plugin EditorScriptingUtilities
LogPluginManager: Mounting plugin FacialAnimation
LogPluginManager: Mounting plugin GameplayTagsEditor
LogPluginManager: Mounting plugin GeometryMode
LogPluginManager: Mounting plugin MacGraphicsSwitching
LogPluginManager: Mounting plugin MaterialAnalyzer
LogPluginManager: Mounting plugin MobileLauncherProfileWizard
LogPluginManager: Mounting plugin PluginBrowser
LogPluginManager: Mounting plugin SpeedTreeImporter
LogPluginManager: Mounting plugin DatasmithContent
LogPluginManager: Mounting plugin VariantManagerContent
LogPluginManager: Mounting plugin AlembicImporter
LogPluginManager: Mounting plugin AutomationUtils
LogPluginManager: Mounting plugin BackChannel
LogPluginManager: Mounting plugin ChaosCloth
LogPluginManager: Mounting plugin ChaosClothEditor
LogPluginManager: Mounting plugin ChaosEditor
LogPluginManager: Mounting plugin ChaosNiagara
LogPluginManager: Mounting plugin ChaosSolverPlugin
LogPluginManager: Mounting plugin CharacterAI
LogPluginManager: Mounting plugin GeometryCache
LogPluginManager: Mounting plugin GeometryCollectionPlugin
LogPluginManager: Mounting plugin GeometryProcessing
LogPluginManager: Mounting plugin PlanarCut
LogPluginManager: Mounting plugin PlatformCrypto
LogPluginManager: Mounting plugin ProxyLODPlugin
LogPluginManager: Mounting plugin SkeletalReduction
LogPluginManager: Mounting plugin Niagara
LogPluginManager: Mounting plugin MagicLeap
LogPluginManager: Mounting plugin MagicLeapLightEstimation
LogPluginManager: Mounting plugin MagicLeapMedia
LogPluginManager: Mounting plugin MagicLeapPassableWorld
LogPluginManager: Mounting plugin MLSDK
LogPluginManager: Mounting plugin FirstPersonCharacter
LogPluginManager: Mounting plugin Substance
LogPluginManager: Mounting plugin AndroidMedia
LogPluginManager: Mounting plugin AvfMedia
LogPluginManager: Mounting plugin ImgMedia
LogPluginManager: Mounting plugin MediaCompositing
LogPluginManager: Mounting plugin MediaPlayerEditor
LogPluginManager: Mounting plugin WebMMedia
LogPluginManager: Mounting plugin WmfMedia
LogPluginManager: Mounting plugin MeshPainting
LogPluginManager: Mounting plugin TcpMessaging
LogPluginManager: Mounting plugin UdpMessaging
LogPluginManager: Mounting plugin ActorSequence
LogPluginManager: Mounting plugin LevelSequenceEditor
LogPluginManager: Mounting plugin MatineeToLevelSequence
LogPluginManager: Mounting plugin MovieRenderPipeline
LogPluginManager: Mounting plugin TemplateSequence
LogPluginManager: Mounting plugin NetcodeUnitTest
LogPluginManager: Mounting plugin NUTUnrealEngine4
LogPluginManager: Mounting plugin OnlineSubsystemGooglePlay
LogPluginManager: Mounting plugin OnlineSubsystemIOS
LogPluginManager: Mounting plugin OnlineSubsystem
LogPluginManager: Mounting plugin OnlineSubsystemNull
LogPluginManager: Mounting plugin OnlineSubsystemUtils
LogPluginManager: Mounting plugin LauncherChunkInstaller
LogPluginManager: Mounting plugin AndroidDeviceProfileSelector
LogPluginManager: Mounting plugin AndroidMoviePlayer
LogPluginManager: Mounting plugin AndroidPermission
LogPluginManager: Mounting plugin AppleImageUtils
LogPluginManager: Mounting plugin AppleMoviePlayer
LogPluginManager: Mounting plugin ArchVisCharacter
LogPluginManager: Mounting plugin AssetTags
LogPluginManager: Mounting plugin AudioCapture
LogPluginManager: Mounting plugin CableComponent
LogPluginManager: Mounting plugin CustomMeshComponent
LogPluginManager: Mounting plugin EditableMesh
LogPluginManager: Mounting plugin ExampleDeviceProfileSelector
LogPluginManager: Mounting plugin GoogleCloudMessaging
LogPluginManager: Mounting plugin GooglePAD
LogPluginManager: Mounting plugin IOSDeviceProfileSelector
LogPluginManager: Mounting plugin LinuxDeviceProfileSelector
LogPluginManager: Mounting plugin LocationServicesBPLibrary
LogPluginManager: Mounting plugin MobilePatchingUtils
LogPluginManager: Mounting plugin OculusVR
LogPluginManager: Mounting plugin PhysXVehicles
LogPluginManager: Mounting plugin PostSplashScreen
LogPluginManager: Mounting plugin ProceduralMeshComponent
LogPluginManager: Mounting plugin RuntimePhysXCooking
LogPluginManager: Mounting plugin SignificanceManager
LogPluginManager: Mounting plugin SoundFields
LogPluginManager: Mounting plugin SteamVR
LogPluginManager: Mounting plugin Synthesis
LogPluginManager: Mounting plugin WebMMoviePlayer
LogPluginManager: Mounting plugin WindowsMoviePlayer
LogPluginManager: Mounting plugin ScreenshotTools
LogInit: Using libcurl 7.55.1-DEV
LogInit:  - built for x86_64-pc-win32
LogInit:  - supports SSL with OpenSSL/1.1.1
LogInit:  - supports HTTP deflate (compression) using libz 1.2.8
LogInit:  - other features:
LogInit:      CURL_VERSION_SSL
LogInit:      CURL_VERSION_LIBZ
LogInit:      CURL_VERSION_IPV6
LogInit:      CURL_VERSION_ASYNCHDNS
LogInit:      CURL_VERSION_LARGEFILE
LogInit:      CURL_VERSION_IDN
LogInit:  CurlRequestOptions (configurable via config and command line):
LogInit:  - bVerifyPeer = true  - Libcurl will verify peer certificate
LogInit:  - bUseHttpProxy = false  - Libcurl will NOT use HTTP proxy
LogInit:  - bDontReuseConnections = false  - Libcurl will reuse connections
LogInit:  - MaxHostConnections = 16  - Libcurl will limit the number of connections to a host
LogInit:  - LocalHostAddr = Default
LogInit:  - BufferSize = 65536
LogOnline: OSS: Creating online subsystem instance for: NULL
LogInit: WinSock: version 1.1 (2.2), MaxSocks=32767, MaxUdp=65467
LogOnline: OSS: TryLoadSubsystemAndSetDefault: Loaded subsystem for module [NULL]
LogInit: Build: ++UE4+Release-4.25-CL-13942748
LogInit: Engine Version: 4.25.3-13942748+++UE4+Release-4.25
LogInit: Compatible Engine Version: 4.25.0-13144385+++UE4+Release-4.25
LogInit: Net CL: 13144385
LogInit: OS: Windows 10 (Release 1909) (), CPU: Intel(R) Core(TM) i7-4790 CPU @ 3.60GHz, GPU: NVIDIA GeForce GTX 1080 Ti
LogInit: Compiled (64-bit): Jul 25 2020 02:07:48
LogInit: Compiled with Visual C++: 19.24.28315.00
LogInit: Build Configuration: Development
LogInit: Branch Name: ++UE4+Release-4.25
LogInit: Command Line: 
LogInit: Base Directory: Z:/Game Dev/UE_4.25/Engine/Binaries/Win64/
LogInit: Allocator: TBB
LogInit: Installed Engine Build: 1
LogDevObjectVersion: Number of dev versions registered: 26
LogDevObjectVersion:   Dev-Blueprints (B0D832E4-1F89-4F0D-ACCF-7EB736FD4AA2): 10
LogDevObjectVersion:   Dev-Build (E1C64328-A22C-4D53-A36C-8E866417BD8C): 0
LogDevObjectVersion:   Dev-Core (375EC13C-06E4-48FB-B500-84F0262A717E): 4
LogDevObjectVersion:   Dev-Editor (E4B068ED-F494-42E9-A231-DA0B2E46BB41): 38
LogDevObjectVersion:   Dev-Framework (CFFC743F-43B0-4480-9391-14DF171D2073): 37
LogDevObjectVersion:   Dev-Mobile (B02B49B5-BB20-44E9-A304-32B752E40360): 2
LogDevObjectVersion:   Dev-Networking (A4E4105C-59A1-49B5-A7C5-40C4547EDFEE): 0
LogDevObjectVersion:   Dev-Online (39C831C9-5AE6-47DC-9A44-9C173E1C8E7C): 0
LogDevObjectVersion:   Dev-Physics (78F01B33-EBEA-4F98-B9B4-84EACCB95AA2): 4
LogDevObjectVersion:   Dev-Platform (6631380F-2D4D-43E0-8009-CF276956A95A): 0
LogDevObjectVersion:   Dev-Rendering (12F88B9F-8875-4AFC-A67C-D90C383ABD29): 43
LogDevObjectVersion:   Dev-Sequencer (7B5AE74C-D270-4C10-A958-57980B212A5A): 12
LogDevObjectVersion:   Dev-VR (D7296918-1DD6-4BDD-9DE2-64A83CC13884): 3
LogDevObjectVersion:   Dev-LoadTimes (C2A15278-BFE7-4AFE-6C17-90FF531DF755): 1
LogDevObjectVersion:   Private-Geometry (6EACA3D4-40EC-4CC1-B786-8BED09428FC5): 3
LogDevObjectVersion:   Dev-AnimPhys (29E575DD-E0A3-4627-9D10-D276232CDCEA): 17
LogDevObjectVersion:   Dev-Anim (AF43A65D-7FD3-4947-9873-3E8ED9C1BB05): 7
LogDevObjectVersion:   Dev-ReflectionCapture (6B266CEC-1EC7-4B8F-A30B-E4D90942FC07): 1
LogDevObjectVersion:   Dev-Automation (0DF73D61-A23F-47EA-B727-89E90C41499A): 1
LogDevObjectVersion:   FortniteMain (601D1886-AC64-4F84-AA16-D3DE0DEAC7D6): 31
LogDevObjectVersion:   Dev-Enterprise (9DFFBCD6-494F-0158-E221-12823C92A888): 10
LogDevObjectVersion:   Dev-Niagara (F2AED0AC-9AFE-416F-8664-AA7FFA26D6FC): 1
LogDevObjectVersion:   Dev-Destruction (174F1F0B-B4C6-45A5-B13F-2EE8D0FB917D): 10
LogDevObjectVersion:   Dev-Physics-Ext (35F94A83-E258-406C-A318-09F59610247C): 37
LogDevObjectVersion:   Dev-PhysicsMaterial-Chaos (B68FC16E-8B1B-42E2-B453-215C058844FE): 1
LogDevObjectVersion:   Dev-CineCamera (B2E18506-4273-CFC2-A54E-F4BB758BBA07): 1
LogInit: Presizing for max 25165824 objects, including 0 objects not considered by GC, pre-allocating 0 bytes for permanent pool.
LogConfig: Applying CVar settings from Section [/Script/Engine.StreamingSettings] File [Z:/Game Dev/Github Repos/The_Tailor_Game/Saved/Config/Windows/Engine.ini]
LogConfig: Setting CVar [[s.MinBulkDataSizeForAsyncLoading:131072]]
LogConfig: Setting CVar [[s.AsyncLoadingThreadEnabled:0]]
LogConfig: Setting CVar [[s.EventDrivenLoaderEnabled:1]]
LogConfig: Setting CVar [[s.WarnIfTimeLimitExceeded:0]]
LogConfig: Setting CVar [[s.TimeLimitExceededMultiplier:1.5]]
LogConfig: Setting CVar [[s.TimeLimitExceededMinTime:0.005]]
LogConfig: Setting CVar [[s.UseBackgroundLevelStreaming:1]]
LogConfig: Setting CVar [[s.PriorityAsyncLoadingExtraTime:15.0]]
LogConfig: Setting CVar [[s.LevelStreamingActorsUpdateTimeLimit:5.0]]
LogConfig: Setting CVar [[s.PriorityLevelStreamingActorsUpdateExtraTime:5.0]]
LogConfig: Setting CVar [[s.LevelStreamingComponentsRegistrationGranularity:10]]
LogConfig: Setting CVar [[s.UnregisterComponentsTimeLimit:1.0]]
LogConfig: Setting CVar [[s.LevelStreamingComponentsUnregistrationGranularity:5]]
LogConfig: Setting CVar [[s.FlushStreamingOnExit:1]]
LogInit: Object subsystem initialized
LogConfig: Setting CVar [[con.DebugEarlyDefault:1]]
LogConfig: Setting CVar [[r.setres:1280x720]]
[2020.09.26-17.41.54:881][  0]LogConfig: Setting CVar [[r.VSync:0]]
[2020.09.26-17.41.54:881][  0]LogConfig: Setting CVar [[r.RHICmdBypass:0]]
[2020.09.26-17.41.54:881][  0]LogConfig: Applying CVar settings from Section [/Script/Engine.RendererSettings] File [Z:/Game Dev/Github Repos/The_Tailor_Game/Saved/Config/Windows/Engine.ini]
[2020.09.26-17.41.54:881][  0]LogConfig: Setting CVar [[r.GPUCrashDebugging:0]]
[2020.09.26-17.41.54:881][  0]LogConfig: Setting CVar [[r.SkinCache.CompileShaders:1]]
[2020.09.26-17.41.54:881][  0]LogConfig: Setting CVar [[r.RayTracing:1]]
[2020.09.26-17.41.54:881][  0]LogConfig: Applying CVar settings from Section [/Script/Engine.RendererOverrideSettings] File [Z:/Game Dev/Github Repos/The_Tailor_Game/Saved/Config/Windows/Engine.ini]
[2020.09.26-17.41.54:881][  0]LogConfig: Applying CVar settings from Section [/Script/Engine.StreamingSettings] File [Z:/Game Dev/Github Repos/The_Tailor_Game/Saved/Config/Windows/Engine.ini]
[2020.09.26-17.41.54:882][  0]LogConfig: Setting CVar [[s.MinBulkDataSizeForAsyncLoading:131072]]
[2020.09.26-17.41.54:882][  0]LogConfig: Setting CVar [[s.AsyncLoadingThreadEnabled:0]]
[2020.09.26-17.41.54:882][  0]LogConfig: Setting CVar [[s.EventDrivenLoaderEnabled:1]]
[2020.09.26-17.41.54:882][  0]LogConfig: Setting CVar [[s.WarnIfTimeLimitExceeded:0]]
[2020.09.26-17.41.54:882][  0]LogConfig: Setting CVar [[s.TimeLimitExceededMultiplier:1.5]]
[2020.09.26-17.41.54:882][  0]LogConfig: Setting CVar [[s.TimeLimitExceededMinTime:0.005]]
[2020.09.26-17.41.54:882][  0]LogConfig: Setting CVar [[s.UseBackgroundLevelStreaming:1]]
[2020.09.26-17.41.54:882][  0]LogConfig: Setting CVar [[s.PriorityAsyncLoadingExtraTime:15.0]]
[2020.09.26-17.41.54:882][  0]LogConfig: Setting CVar [[s.LevelStreamingActorsUpdateTimeLimit:5.0]]
[2020.09.26-17.41.54:882][  0]LogConfig: Setting CVar [[s.PriorityLevelStreamingActorsUpdateExtraTime:5.0]]
[2020.09.26-17.41.54:882][  0]LogConfig: Setting CVar [[s.LevelStreamingComponentsRegistrationGranularity:10]]
[2020.09.26-17.41.54:882][  0]LogConfig: Setting CVar [[s.UnregisterComponentsTimeLimit:1.0]]
[2020.09.26-17.41.54:882][  0]LogConfig: Setting CVar [[s.LevelStreamingComponentsUnregistrationGranularity:5]]
[2020.09.26-17.41.54:882][  0]LogConfig: Setting CVar [[s.FlushStreamingOnExit:1]]
[2020.09.26-17.41.54:882][  0]LogConfig: Applying CVar settings from Section [/Script/Engine.GarbageCollectionSettings] File [Z:/Game Dev/Github Repos/The_Tailor_Game/Saved/Config/Windows/Engine.ini]
[2020.09.26-17.41.54:882][  0]LogConfig: Setting CVar [[gc.MaxObjectsNotConsideredByGC:1]]
[2020.09.26-17.41.54:882][  0]LogConfig: Setting CVar [[gc.SizeOfPermanentObjectPool:0]]
[2020.09.26-17.41.54:882][  0]LogConfig: Setting CVar [[gc.FlushStreamingOnGC:0]]
[2020.09.26-17.41.54:882][  0]LogConfig: Setting CVar [[gc.NumRetriesBeforeForcingGC:10]]
[2020.09.26-17.41.54:882][  0]LogConfig: Setting CVar [[gc.AllowParallelGC:1]]
[2020.09.26-17.41.54:882][  0]LogConfig: Setting CVar [[gc.TimeBetweenPurgingPendingKillObjects:61.1]]
[2020.09.26-17.41.54:882][  0]LogConfig: Setting CVar [[gc.MaxObjectsInEditor:25165824]]
[2020.09.26-17.41.54:882][  0]LogConfig: Setting CVar [[gc.IncrementalBeginDestroyEnabled:1]]
[2020.09.26-17.41.54:882][  0]LogConfig: Setting CVar [[gc.CreateGCClusters:1]]
[2020.09.26-17.41.54:882][  0]LogConfig: Setting CVar [[gc.MinGCClusterSize:5]]
[2020.09.26-17.41.54:882][  0]LogConfig: Setting CVar [[gc.ActorClusteringEnabled:0]]
[2020.09.26-17.41.54:882][  0]LogConfig: Setting CVar [[gc.BlueprintClusteringEnabled:0]]
[2020.09.26-17.41.54:882][  0]LogConfig: Setting CVar [[gc.UseDisregardForGCOnDedicatedServers:0]]
[2020.09.26-17.41.54:882][  0]LogConfig: Applying CVar settings from Section [/Script/Engine.NetworkSettings] File [Z:/Game Dev/Github Repos/The_Tailor_Game/Saved/Config/Windows/Engine.ini]
[2020.09.26-17.41.54:882][  0]LogConfig: Applying CVar settings from Section [/Script/UnrealEd.CookerSettings] File [Z:/Game Dev/Github Repos/The_Tailor_Game/Saved/Config/Windows/Engine.ini]
[2020.09.26-17.41.54:892][  0]LogConfig: Applying CVar settings from Section [ViewDistanceQuality@3] File [Z:/Game Dev/Github Repos/The_Tailor_Game/Saved/Config/Windows/Scalability.ini]
[2020.09.26-17.41.54:892][  0]LogConfig: Setting CVar [[r.SkeletalMeshLODBias:0]]
[2020.09.26-17.41.54:892][  0]LogConfig: Setting CVar [[r.ViewDistanceScale:1.0]]
[2020.09.26-17.41.54:892][  0]LogConfig: Applying CVar settings from Section [AntiAliasingQuality@3] File [Z:/Game Dev/Github Repos/The_Tailor_Game/Saved/Config/Windows/Scalability.ini]
[2020.09.26-17.41.54:892][  0]LogConfig: Setting CVar [[r.PostProcessAAQuality:4]]
[2020.09.26-17.41.54:892][  0]LogConfig: Applying CVar settings from Section [ShadowQuality@3] File [Z:/Game Dev/Github Repos/The_Tailor_Game/Saved/Config/Windows/Scalability.ini]
[2020.09.26-17.41.54:892][  0]LogConfig: Setting CVar [[r.LightFunctionQuality:1]]
[2020.09.26-17.41.54:892][  0]LogConfig: Setting CVar [[r.ShadowQuality:5]]
[2020.09.26-17.41.54:892][  0]LogConfig: Setting CVar [[r.Shadow.CSM.MaxCascades:10]]
[2020.09.26-17.41.54:892][  0]LogConfig: Setting CVar [[r.Shadow.MaxResolution:2048]]
[2020.09.26-17.41.54:892][  0]LogConfig: Setting CVar [[r.Shadow.MaxCSMResolution:2048]]
[2020.09.26-17.41.54:892][  0]LogConfig: Setting CVar [[r.Shadow.RadiusThreshold:0.01]]
[2020.09.26-17.41.54:892][  0]LogConfig: Setting CVar [[r.Shadow.DistanceScale:1.0]]
[2020.09.26-17.41.54:892][  0]LogConfig: Setting CVar [[r.Shadow.CSM.TransitionScale:1.0]]
[2020.09.26-17.41.54:892][  0]LogConfig: Setting CVar [[r.Shadow.PreShadowResolutionFactor:1.0]]
[2020.09.26-17.41.54:892][  0]LogConfig: Setting CVar [[r.DistanceFieldShadowing:1]]
[2020.09.26-17.41.54:892][  0]LogConfig: Setting CVar [[r.DistanceFieldAO:1]]
[2020.09.26-17.41.54:892][  0]LogConfig: Setting CVar [[r.AOQuality:2]]
[2020.09.26-17.41.54:892][  0]LogConfig: Setting CVar [[r.VolumetricFog:1]]
[2020.09.26-17.41.54:892][  0]LogConfig: Setting CVar [[r.VolumetricFog.GridPixelSize:8]]
[2020.09.26-17.41.54:892][  0]LogConfig: Setting CVar [[r.VolumetricFog.GridSizeZ:128]]
[2020.09.26-17.41.54:892][  0]LogConfig: Setting CVar [[r.VolumetricFog.HistoryMissSupersampleCount:4]]
[2020.09.26-17.41.54:892][  0]LogConfig: Setting CVar [[r.LightMaxDrawDistanceScale:1]]
[2020.09.26-17.41.54:892][  0]LogConfig: Setting CVar [[r.CapsuleShadows:1]]
[2020.09.26-17.41.54:892][  0]LogConfig: Applying CVar settings from Section [PostProcessQuality@3] File [Z:/Game Dev/Github Repos/The_Tailor_Game/Saved/Config/Windows/Scalability.ini]
[2020.09.26-17.41.54:892][  0]LogConfig: Setting CVar [[r.MotionBlurQuality:4]]
[2020.09.26-17.41.54:892][  0]LogConfig: Setting CVar [[r.AmbientOcclusionMipLevelFactor:0.4]]
[2020.09.26-17.41.54:892][  0]LogConfig: Setting CVar [[r.AmbientOcclusionMaxQuality:100]]
[2020.09.26-17.41.54:892][  0]LogConfig: Setting CVar [[r.AmbientOcclusionLevels:-1]]
[2020.09.26-17.41.54:892][  0]LogConfig: Setting CVar [[r.AmbientOcclusionRadiusScale:1.0]]
[2020.09.26-17.41.54:892][  0]LogConfig: Setting CVar [[r.DepthOfFieldQuality:2]]
[2020.09.26-17.41.54:892][  0]LogConfig: Setting CVar [[r.RenderTargetPoolMin:400]]
[2020.09.26-17.41.54:892][  0]LogConfig: Setting CVar [[r.LensFlareQuality:2]]
[2020.09.26-17.41.54:892][  0]LogConfig: Setting CVar [[r.SceneColorFringeQuality:1]]
[2020.09.26-17.41.54:892][  0]LogConfig: Setting CVar [[r.EyeAdaptationQuality:2]]
[2020.09.26-17.41.54:892][  0]LogConfig: Setting CVar [[r.BloomQuality:5]]
[2020.09.26-17.41.54:892][  0]LogConfig: Setting CVar [[r.FastBlurThreshold:100]]
[2020.09.26-17.41.54:892][  0]LogConfig: Setting CVar [[r.Upscale.Quality:3]]
[2020.09.26-17.41.54:893][  0]LogConfig: Setting CVar [[r.Tonemapper.GrainQuantization:1]]
[2020.09.26-17.41.54:893][  0]LogConfig: Setting CVar [[r.LightShaftQuality:1]]
[2020.09.26-17.41.54:893][  0]LogConfig: Setting CVar [[r.Filter.SizeScale:1]]
[2020.09.26-17.41.54:893][  0]LogConfig: Setting CVar [[r.Tonemapper.Quality:5]]
[2020.09.26-17.41.54:893][  0]LogConfig: Setting CVar [[r.DOF.Gather.AccumulatorQuality:1        ; higher gathering accumulator quality]]
[2020.09.26-17.41.54:893][  0]LogConfig: Setting CVar [[r.DOF.Gather.PostfilterMethod:1          ; Median3x3 postfilering method]]
[2020.09.26-17.41.54:893][  0]LogConfig: Setting CVar [[r.DOF.Gather.EnableBokehSettings:0       ; no bokeh simulation when gathering]]
[2020.09.26-17.41.54:893][  0]LogConfig: Setting CVar [[r.DOF.Gather.RingCount:4                 ; medium number of samples when gathering]]
[2020.09.26-17.41.54:893][  0]LogConfig: Setting CVar [[r.DOF.Scatter.ForegroundCompositing:1    ; additive foreground scattering]]
[2020.09.26-17.41.54:893][  0]LogConfig: Setting CVar [[r.DOF.Scatter.BackgroundCompositing:2    ; additive background scattering]]
[2020.09.26-17.41.54:893][  0]LogConfig: Setting CVar [[r.DOF.Scatter.EnableBokehSettings:1      ; bokeh simulation when scattering]]
[2020.09.26-17.41.54:893][  0]LogConfig: Setting CVar [[r.DOF.Scatter.MaxSpriteRatio:0.1         ; only a maximum of 10% of scattered bokeh]]
[2020.09.26-17.41.54:893][  0]LogConfig: Setting CVar [[r.DOF.Recombine.Quality:1                ; cheap slight out of focus]]
[2020.09.26-17.41.54:893][  0]LogConfig: Setting CVar [[r.DOF.Recombine.EnableBokehSettings:0    ; no bokeh simulation on slight out of focus]]
[2020.09.26-17.41.54:893][  0]LogConfig: Setting CVar [[r.DOF.TemporalAAQuality:1                ; more stable temporal accumulation]]
[2020.09.26-17.41.54:893][  0]LogConfig: Setting CVar [[r.DOF.Kernel.MaxForegroundRadius:0.025]]
[2020.09.26-17.41.54:893][  0]LogConfig: Setting CVar [[r.DOF.Kernel.MaxBackgroundRadius:0.025]]
[2020.09.26-17.41.54:893][  0]LogConfig: Applying CVar settings from Section [TextureQuality@3] File [Z:/Game Dev/Github Repos/The_Tailor_Game/Saved/Config/Windows/Scalability.ini]
[2020.09.26-17.41.54:893][  0]LogConfig: Setting CVar [[r.Streaming.MipBias:0]]
[2020.09.26-17.41.54:893][  0]LogConfig: Setting CVar [[r.Streaming.AmortizeCPUToGPUCopy:0]]
[2020.09.26-17.41.54:893][  0]LogConfig: Setting CVar [[r.Streaming.MaxNumTexturesToStreamPerFrame:0]]
[2020.09.26-17.41.54:893][  0]LogConfig: Setting CVar [[r.Streaming.Boost:1]]
[2020.09.26-17.41.54:893][  0]LogConfig: Setting CVar [[r.MaxAnisotropy:8]]
[2020.09.26-17.41.54:893][  0]LogConfig: Setting CVar [[r.VT.MaxAnisotropy:8]]
[2020.09.26-17.41.54:893][  0]LogConfig: Setting CVar [[r.Streaming.LimitPoolSizeToVRAM:0]]
[2020.09.26-17.41.54:893][  0]LogConfig: Setting CVar [[r.Streaming.PoolSize:1000]]
[2020.09.26-17.41.54:893][  0]LogConfig: Setting CVar [[r.Streaming.MaxEffectiveScreenSize:0]]
[2020.09.26-17.41.54:893][  0]LogConfig: Applying CVar settings from Section [EffectsQuality@3] File [Z:/Game Dev/Github Repos/The_Tailor_Game/Saved/Config/Windows/Scalability.ini]
[2020.09.26-17.41.54:893][  0]LogConfig: Setting CVar [[r.TranslucencyLightingVolumeDim:64]]
[2020.09.26-17.41.54:893][  0]LogConfig: Setting CVar [[r.RefractionQuality:2]]
[2020.09.26-17.41.54:893][  0]LogConfig: Setting CVar [[r.SSR.Quality:3]]
[2020.09.26-17.41.54:893][  0]LogConfig: Setting CVar [[r.SSR.HalfResSceneColor:0]]
[2020.09.26-17.41.54:893][  0]LogConfig: Setting CVar [[r.SceneColorFormat:4]]
[2020.09.26-17.41.54:893][  0]LogConfig: Setting CVar [[r.DetailMode:2]]
[2020.09.26-17.41.54:893][  0]LogConfig: Setting CVar [[r.TranslucencyVolumeBlur:1]]
[2020.09.26-17.41.54:893][  0]LogConfig: Setting CVar [[r.MaterialQualityLevel:1 ; High quality]]
[2020.09.26-17.41.54:893][  0]LogConfig: Setting CVar [[r.SSS.Scale:1]]
[2020.09.26-17.41.54:893][  0]LogConfig: Setting CVar [[r.SSS.SampleSet:2]]
[2020.09.26-17.41.54:893][  0]LogConfig: Setting CVar [[r.SSS.Quality:1]]
[2020.09.26-17.41.54:893][  0]LogConfig: Setting CVar [[r.SSS.HalfRes:0]]
[2020.09.26-17.41.54:893][  0]LogConfig: Setting CVar [[r.SSGI.Quality:3]]
[2020.09.26-17.41.54:893][  0]LogConfig: Setting CVar [[r.EmitterSpawnRateScale:1.0]]
[2020.09.26-17.41.54:893][  0]LogConfig: Setting CVar [[r.ParticleLightQuality:2]]
[2020.09.26-17.41.54:893][  0]LogConfig: Setting CVar [[r.SkyAtmosphere.AerialPerspectiveLUT.FastApplyOnOpaque:1 ; Always have FastSkyLUT 1 in this case to avoid wrong sky]]
[2020.09.26-17.41.54:893][  0]LogConfig: Setting CVar [[r.SkyAtmosphere.AerialPerspectiveLUT.SampleCountPerSlice:1]]
[2020.09.26-17.41.54:893][  0]LogConfig: Setting CVar [[r.SkyAtmosphere.AerialPerspectiveLUT.DepthResolution:16.0]]
[2020.09.26-17.41.54:893][  0]LogConfig: Setting CVar [[r.SkyAtmosphere.FastSkyLUT:1]]
[2020.09.26-17.41.54:893][  0]LogConfig: Setting CVar [[r.SkyAtmosphere.FastSkyLUT.SampleCountMin:4.0]]
[2020.09.26-17.41.54:893][  0]LogConfig: Setting CVar [[r.SkyAtmosphere.FastSkyLUT.SampleCountMax:32.0]]
[2020.09.26-17.41.54:893][  0]LogConfig: Setting CVar [[r.SkyAtmosphere.SampleCountMin:4.0]]
[2020.09.26-17.41.54:893][  0]LogConfig: Setting CVar [[r.SkyAtmosphere.SampleCountMax:32.0]]
[2020.09.26-17.41.54:893][  0]LogConfig: Setting CVar [[r.SkyAtmosphere.TransmittanceLUT.UseSmallFormat:0]]
[2020.09.26-17.41.54:893][  0]LogConfig: Setting CVar [[r.SkyAtmosphere.TransmittanceLUT.SampleCount:10.0]]
[2020.09.26-17.41.54:893][  0]LogConfig: Setting CVar [[r.SkyAtmosphere.MultiScatteringLUT.SampleCount:15.0]]
[2020.09.26-17.41.54:893][  0]LogConfig: Applying CVar settings from Section [FoliageQuality@3] File [Z:/Game Dev/Github Repos/The_Tailor_Game/Saved/Config/Windows/Scalability.ini]
[2020.09.26-17.41.54:893][  0]LogConfig: Setting CVar [[foliage.DensityScale:1.0]]
[2020.09.26-17.41.54:893][  0]LogConfig: Setting CVar [[grass.DensityScale:1.0]]
[2020.09.26-17.41.54:894][  0]LogConfig: Applying CVar settings from Section [ShadingQuality@3] File [Z:/Game Dev/Github Repos/The_Tailor_Game/Saved/Config/Windows/Scalability.ini]
[2020.09.26-17.41.54:894][  0]LogConfig: Setting CVar [[r.HairStrands.SkyLighting.SampleCount:16]]
[2020.09.26-17.41.54:894][  0]LogConfig: Setting CVar [[r.HairStrands.SkyLighting.JitterIntegration:0]]
[2020.09.26-17.41.54:894][  0]LogConfig: Setting CVar [[r.HairStrands.SkyAO.SampleCount:16]]
[2020.09.26-17.41.54:894][  0]LogConfig: Setting CVar [[r.HairStrands.DeepShadow.SuperSampling:0]]
[2020.09.26-17.41.54:894][  0]LogConfig: Setting CVar [[r.HairStrands.VisibilityPPLL:0]]
[2020.09.26-17.41.54:894][  0]LogConfig: Setting CVar [[r.HairStrands.RasterizationScale:0.5]]
[2020.09.26-17.41.54:894][  0]LogConfig: Setting CVar [[r.HairStrands.VelocityRasterizationScale:1]]
[2020.09.26-17.41.54:894][  0]LogInit: Selected Device Profile: [Windows]
[2020.09.26-17.41.54:894][  0]LogInit: Applying CVar settings loaded from the selected device profile: [Windows]
[2020.09.26-17.41.54:894][  0]LogHAL: Display: Platform has ~ 16 GB [17106718720 / 17179869184 / 16], which maps to Larger [LargestMinGB=32, LargerMinGB=12, DefaultMinGB=8, SmallerMinGB=6, SmallestMinGB=0)
[2020.09.26-17.41.54:894][  0]LogInit: Going up to parent DeviceProfile []
[2020.09.26-17.41.54:894][  0]LogConfig: Applying CVar settings from Section [ViewDistanceQuality@3] File [Z:/Game Dev/Github Repos/The_Tailor_Game/Saved/Config/Windows/Scalability.ini]
[2020.09.26-17.41.54:894][  0]LogConfig: Setting CVar [[r.SkeletalMeshLODBias:0]]
[2020.09.26-17.41.54:894][  0]LogConfig: Setting CVar [[r.ViewDistanceScale:1.0]]
[2020.09.26-17.41.54:894][  0]LogConfig: Applying CVar settings from Section [AntiAliasingQuality@3] File [Z:/Game Dev/Github Repos/The_Tailor_Game/Saved/Config/Windows/Scalability.ini]
[2020.09.26-17.41.54:894][  0]LogConfig: Setting CVar [[r.PostProcessAAQuality:4]]
[2020.09.26-17.41.54:894][  0]LogConfig: Applying CVar settings from Section [ShadowQuality@3] File [Z:/Game Dev/Github Repos/The_Tailor_Game/Saved/Config/Windows/Scalability.ini]
[2020.09.26-17.41.54:894][  0]LogConfig: Setting CVar [[r.LightFunctionQuality:1]]
[2020.09.26-17.41.54:894][  0]LogConfig: Setting CVar [[r.ShadowQuality:5]]
[2020.09.26-17.41.54:894][  0]LogConfig: Setting CVar [[r.Shadow.CSM.MaxCascades:10]]
[2020.09.26-17.41.54:894][  0]LogConfig: Setting CVar [[r.Shadow.MaxResolution:2048]]
[2020.09.26-17.41.54:894][  0]LogConfig: Setting CVar [[r.Shadow.MaxCSMResolution:2048]]
[2020.09.26-17.41.54:894][  0]LogConfig: Setting CVar [[r.Shadow.RadiusThreshold:0.01]]
[2020.09.26-17.41.54:894][  0]LogConfig: Setting CVar [[r.Shadow.DistanceScale:1.0]]
[2020.09.26-17.41.54:894][  0]LogConfig: Setting CVar [[r.Shadow.CSM.TransitionScale:1.0]]
[2020.09.26-17.41.54:894][  0]LogConfig: Setting CVar [[r.Shadow.PreShadowResolutionFactor:1.0]]
[2020.09.26-17.41.54:894][  0]LogConfig: Setting CVar [[r.DistanceFieldShadowing:1]]
[2020.09.26-17.41.54:894][  0]LogConfig: Setting CVar [[r.DistanceFieldAO:1]]
[2020.09.26-17.41.54:894][  0]LogConfig: Setting CVar [[r.AOQuality:2]]
[2020.09.26-17.41.54:894][  0]LogConfig: Setting CVar [[r.VolumetricFog:1]]
[2020.09.26-17.41.54:894][  0]LogConfig: Setting CVar [[r.VolumetricFog.GridPixelSize:8]]
[2020.09.26-17.41.54:894][  0]LogConfig: Setting CVar [[r.VolumetricFog.GridSizeZ:128]]
[2020.09.26-17.41.54:894][  0]LogConfig: Setting CVar [[r.VolumetricFog.HistoryMissSupersampleCount:4]]
[2020.09.26-17.41.54:894][  0]LogConfig: Setting CVar [[r.LightMaxDrawDistanceScale:1]]
[2020.09.26-17.41.54:894][  0]LogConfig: Setting CVar [[r.CapsuleShadows:1]]
[2020.09.26-17.41.54:894][  0]LogConfig: Applying CVar settings from Section [PostProcessQuality@3] File [Z:/Game Dev/Github Repos/The_Tailor_Game/Saved/Config/Windows/Scalability.ini]
[2020.09.26-17.41.54:894][  0]LogConfig: Setting CVar [[r.MotionBlurQuality:4]]
[2020.09.26-17.41.54:894][  0]LogConfig: Setting CVar [[r.AmbientOcclusionMipLevelFactor:0.4]]
[2020.09.26-17.41.54:894][  0]LogConfig: Setting CVar [[r.AmbientOcclusionMaxQuality:100]]
[2020.09.26-17.41.54:894][  0]LogConfig: Setting CVar [[r.AmbientOcclusionLevels:-1]]
[2020.09.26-17.41.54:894][  0]LogConfig: Setting CVar [[r.AmbientOcclusionRadiusScale:1.0]]
[2020.09.26-17.41.54:894][  0]LogConfig: Setting CVar [[r.DepthOfFieldQuality:2]]
[2020.09.26-17.41.54:894][  0]LogConfig: Setting CVar [[r.RenderTargetPoolMin:400]]
[2020.09.26-17.41.54:894][  0]LogConfig: Setting CVar [[r.LensFlareQuality:2]]
[2020.09.26-17.41.54:894][  0]LogConfig: Setting CVar [[r.SceneColorFringeQuality:1]]
[2020.09.26-17.41.54:894][  0]LogConfig: Setting CVar [[r.EyeAdaptationQuality:2]]
[2020.09.26-17.41.54:895][  0]LogConfig: Setting CVar [[r.BloomQuality:5]]
[2020.09.26-17.41.54:895][  0]LogConfig: Setting CVar [[r.FastBlurThreshold:100]]
[2020.09.26-17.41.54:895][  0]LogConfig: Setting CVar [[r.Upscale.Quality:3]]
[2020.09.26-17.41.54:895][  0]LogConfig: Setting CVar [[r.Tonemapper.GrainQuantization:1]]
[2020.09.26-17.41.54:895][  0]LogConfig: Setting CVar [[r.LightShaftQuality:1]]
[2020.09.26-17.41.54:895][  0]LogConfig: Setting CVar [[r.Filter.SizeScale:1]]
[2020.09.26-17.41.54:895][  0]LogConfig: Setting CVar [[r.Tonemapper.Quality:5]]
[2020.09.26-17.41.54:895][  0]LogConfig: Setting CVar [[r.DOF.Gather.AccumulatorQuality:1        ; higher gathering accumulator quality]]
[2020.09.26-17.41.54:895][  0]LogConfig: Setting CVar [[r.DOF.Gather.PostfilterMethod:1          ; Median3x3 postfilering method]]
[2020.09.26-17.41.54:895][  0]LogConfig: Setting CVar [[r.DOF.Gather.EnableBokehSettings:0       ; no bokeh simulation when gathering]]
[2020.09.26-17.41.54:895][  0]LogConfig: Setting CVar [[r.DOF.Gather.RingCount:4                 ; medium number of samples when gathering]]
[2020.09.26-17.41.54:895][  0]LogConfig: Setting CVar [[r.DOF.Scatter.ForegroundCompositing:1    ; additive foreground scattering]]
[2020.09.26-17.41.54:895][  0]LogConfig: Setting CVar [[r.DOF.Scatter.BackgroundCompositing:2    ; additive background scattering]]
[2020.09.26-17.41.54:895][  0]LogConfig: Setting CVar [[r.DOF.Scatter.EnableBokehSettings:1      ; bokeh simulation when scattering]]
[2020.09.26-17.41.54:895][  0]LogConfig: Setting CVar [[r.DOF.Scatter.MaxSpriteRatio:0.1         ; only a maximum of 10% of scattered bokeh]]
[2020.09.26-17.41.54:895][  0]LogConfig: Setting CVar [[r.DOF.Recombine.Quality:1                ; cheap slight out of focus]]
[2020.09.26-17.41.54:895][  0]LogConfig: Setting CVar [[r.DOF.Recombine.EnableBokehSettings:0    ; no bokeh simulation on slight out of focus]]
[2020.09.26-17.41.54:895][  0]LogConfig: Setting CVar [[r.DOF.TemporalAAQuality:1                ; more stable temporal accumulation]]
[2020.09.26-17.41.54:895][  0]LogConfig: Setting CVar [[r.DOF.Kernel.MaxForegroundRadius:0.025]]
[2020.09.26-17.41.54:895][  0]LogConfig: Setting CVar [[r.DOF.Kernel.MaxBackgroundRadius:0.025]]
[2020.09.26-17.41.54:895][  0]LogConfig: Applying CVar settings from Section [TextureQuality@3] File [Z:/Game Dev/Github Repos/The_Tailor_Game/Saved/Config/Windows/Scalability.ini]
[2020.09.26-17.41.54:895][  0]LogConfig: Setting CVar [[r.Streaming.MipBias:0]]
[2020.09.26-17.41.54:895][  0]LogConfig: Setting CVar [[r.Streaming.AmortizeCPUToGPUCopy:0]]
[2020.09.26-17.41.54:895][  0]LogConfig: Setting CVar [[r.Streaming.MaxNumTexturesToStreamPerFrame:0]]
[2020.09.26-17.41.54:895][  0]LogConfig: Setting CVar [[r.Streaming.Boost:1]]
[2020.09.26-17.41.54:895][  0]LogConfig: Setting CVar [[r.MaxAnisotropy:8]]
[2020.09.26-17.41.54:895][  0]LogConfig: Setting CVar [[r.VT.MaxAnisotropy:8]]
[2020.09.26-17.41.54:895][  0]LogConfig: Setting CVar [[r.Streaming.LimitPoolSizeToVRAM:0]]
[2020.09.26-17.41.54:895][  0]LogConfig: Setting CVar [[r.Streaming.PoolSize:1000]]
[2020.09.26-17.41.54:895][  0]LogConfig: Setting CVar [[r.Streaming.MaxEffectiveScreenSize:0]]
[2020.09.26-17.41.54:895][  0]LogConfig: Applying CVar settings from Section [EffectsQuality@3] File [Z:/Game Dev/Github Repos/The_Tailor_Game/Saved/Config/Windows/Scalability.ini]
[2020.09.26-17.41.54:895][  0]LogConfig: Setting CVar [[r.TranslucencyLightingVolumeDim:64]]
[2020.09.26-17.41.54:895][  0]LogConfig: Setting CVar [[r.RefractionQuality:2]]
[2020.09.26-17.41.54:895][  0]LogConfig: Setting CVar [[r.SSR.Quality:3]]
[2020.09.26-17.41.54:895][  0]LogConfig: Setting CVar [[r.SSR.HalfResSceneColor:0]]
[2020.09.26-17.41.54:895][  0]LogConfig: Setting CVar [[r.SceneColorFormat:4]]
[2020.09.26-17.41.54:895][  0]LogConfig: Setting CVar [[r.DetailMode:2]]
[2020.09.26-17.41.54:895][  0]LogConfig: Setting CVar [[r.TranslucencyVolumeBlur:1]]
[2020.09.26-17.41.54:895][  0]LogConfig: Setting CVar [[r.MaterialQualityLevel:1 ; High quality]]
[2020.09.26-17.41.54:895][  0]LogConfig: Setting CVar [[r.SSS.Scale:1]]
[2020.09.26-17.41.54:895][  0]LogConfig: Setting CVar [[r.SSS.SampleSet:2]]
[2020.09.26-17.41.54:895][  0]LogConfig: Setting CVar [[r.SSS.Quality:1]]
[2020.09.26-17.41.54:895][  0]LogConfig: Setting CVar [[r.SSS.HalfRes:0]]
[2020.09.26-17.41.54:895][  0]LogConfig: Setting CVar [[r.SSGI.Quality:3]]
[2020.09.26-17.41.54:895][  0]LogConfig: Setting CVar [[r.EmitterSpawnRateScale:1.0]]
[2020.09.26-17.41.54:895][  0]LogConfig: Setting CVar [[r.ParticleLightQuality:2]]
[2020.09.26-17.41.54:895][  0]LogConfig: Setting CVar [[r.SkyAtmosphere.AerialPerspectiveLUT.FastApplyOnOpaque:1 ; Always have FastSkyLUT 1 in this case to avoid wrong sky]]
[2020.09.26-17.41.54:895][  0]LogConfig: Setting CVar [[r.SkyAtmosphere.AerialPerspectiveLUT.SampleCountPerSlice:1]]
[2020.09.26-17.41.54:895][  0]LogConfig: Setting CVar [[r.SkyAtmosphere.AerialPerspectiveLUT.DepthResolution:16.0]]
[2020.09.26-17.41.54:895][  0]LogConfig: Setting CVar [[r.SkyAtmosphere.FastSkyLUT:1]]
[2020.09.26-17.41.54:896][  0]LogConfig: Setting CVar [[r.SkyAtmosphere.FastSkyLUT.SampleCountMin:4.0]]
[2020.09.26-17.41.54:896][  0]LogConfig: Setting CVar [[r.SkyAtmosphere.FastSkyLUT.SampleCountMax:32.0]]
[2020.09.26-17.41.54:896][  0]LogConfig: Setting CVar [[r.SkyAtmosphere.SampleCountMin:4.0]]
[2020.09.26-17.41.54:896][  0]LogConfig: Setting CVar [[r.SkyAtmosphere.SampleCountMax:32.0]]
[2020.09.26-17.41.54:896][  0]LogConfig: Setting CVar [[r.SkyAtmosphere.TransmittanceLUT.UseSmallFormat:0]]
[2020.09.26-17.41.54:896][  0]LogConfig: Setting CVar [[r.SkyAtmosphere.TransmittanceLUT.SampleCount:10.0]]
[2020.09.26-17.41.54:896][  0]LogConfig: Setting CVar [[r.SkyAtmosphere.MultiScatteringLUT.SampleCount:15.0]]
[2020.09.26-17.41.54:896][  0]LogConfig: Applying CVar settings from Section [FoliageQuality@3] File [Z:/Game Dev/Github Repos/The_Tailor_Game/Saved/Config/Windows/Scalability.ini]
[2020.09.26-17.41.54:896][  0]LogConfig: Setting CVar [[foliage.DensityScale:1.0]]
[2020.09.26-17.41.54:896][  0]LogConfig: Setting CVar [[grass.DensityScale:1.0]]
[2020.09.26-17.41.54:896][  0]LogConfig: Applying CVar settings from Section [ShadingQuality@3] File [Z:/Game Dev/Github Repos/The_Tailor_Game/Saved/Config/Windows/Scalability.ini]
[2020.09.26-17.41.54:896][  0]LogConfig: Setting CVar [[r.HairStrands.SkyLighting.SampleCount:16]]
[2020.09.26-17.41.54:896][  0]LogConfig: Setting CVar [[r.HairStrands.SkyLighting.JitterIntegration:0]]
[2020.09.26-17.41.54:896][  0]LogConfig: Setting CVar [[r.HairStrands.SkyAO.SampleCount:16]]
[2020.09.26-17.41.54:896][  0]LogConfig: Setting CVar [[r.HairStrands.DeepShadow.SuperSampling:0]]
[2020.09.26-17.41.54:896][  0]LogConfig: Setting CVar [[r.HairStrands.VisibilityPPLL:0]]
[2020.09.26-17.41.54:896][  0]LogConfig: Setting CVar [[r.HairStrands.RasterizationScale:0.5]]
[2020.09.26-17.41.54:896][  0]LogConfig: Setting CVar [[r.HairStrands.VelocityRasterizationScale:1]]
[2020.09.26-17.41.54:896][  0]LogConfig: Applying CVar settings from Section [Startup] File [../../../Engine/Config/ConsoleVariables.ini]
[2020.09.26-17.41.54:896][  0]LogConfig: Setting CVar [[net.UseAdaptiveNetUpdateFrequency:0]]
[2020.09.26-17.41.54:896][  0]LogConfig: Setting CVar [[p.chaos.AllowCreatePhysxBodies:1]]
[2020.09.26-17.41.54:896][  0]LogConfig: Setting CVar [[fx.SkipVectorVMBackendOptimizations:1]]
[2020.09.26-17.41.54:896][  0]LogConfig: Applying CVar settings from Section [ConsoleVariables] File [Z:/Game Dev/Github Repos/The_Tailor_Game/Saved/Config/Windows/Engine.ini]
[2020.09.26-17.41.54:896][  0]LogInit: Computer: DESKTOP-73SQNUA
[2020.09.26-17.41.54:896][  0]LogInit: User: Karasu
[2020.09.26-17.41.54:896][  0]LogInit: CPU Page size=4096, Cores=4
[2020.09.26-17.41.54:896][  0]LogInit: High frequency timer resolution =10.000000 MHz
[2020.09.26-17.41.54:897][  0]LogMemory: Memory total: Physical=15.9GB (16GB approx)
[2020.09.26-17.41.54:897][  0]LogMemory: Platform Memory Stats for Windows
[2020.09.26-17.41.54:897][  0]LogMemory: Process Physical Memory: 113.95 MB used, 113.95 MB peak
[2020.09.26-17.41.54:897][  0]LogMemory: Process Virtual Memory: 96.14 MB used, 96.14 MB peak
[2020.09.26-17.41.54:897][  0]LogMemory: Physical Memory: 7335.15 MB used,  8979.09 MB free, 16314.24 MB total
[2020.09.26-17.41.54:897][  0]LogMemory: Virtual Memory: 5143.14 MB used,  134212584.00 MB free, 134217728.00 MB total
[2020.09.26-17.41.54:902][  0]LogWindows: WindowsPlatformFeatures enabled
[2020.09.26-17.41.54:931][  0]LogInit: Physics initialised using underlying interface: PhysX
[2020.09.26-17.41.54:931][  0]LogInit: Using OS detected language (en-US).
[2020.09.26-17.41.54:931][  0]LogInit: Using OS detected locale (en-US).
[2020.09.26-17.41.54:932][  0]LogTextLocalizationManager: No specific localization for 'en-US' exists, so the 'en' localization will be used.
[2020.09.26-17.41.55:105][  0]LogInit: Setting process to per monitor DPI aware
[2020.09.26-17.41.55:147][  0]LogSlate: New Slate User Created.  User Index 0, Is Virtual User: 0
[2020.09.26-17.41.55:148][  0]LogSlate: Slate User Registered.  User Index 0, Is Virtual User: 0
[2020.09.26-17.41.55:279][  0]LogD3D12RHI: Aftermath initialized
[2020.09.26-17.41.55:279][  0]LogD3D12RHI: Loading WinPixEventRuntime.dll for PIX profiling (from ../../../Engine/Binaries/ThirdParty/Windows/WinPixEventRuntime/x64).
[2020.09.26-17.41.55:284][  0]LogHMD: Failed to initialize OpenVR with code 110
[2020.09.26-17.41.55:399][  0]LogD3D12RHI: Found D3D12 adapter 0: NVIDIA GeForce GTX 1080 Ti (Max supported Feature Level 12_1)
[2020.09.26-17.41.55:399][  0]LogD3D12RHI: Adapter has 11127MB of dedicated video memory, 0MB of dedicated system memory, and 8157MB of shared system memory, 2 output[s]
[2020.09.26-17.41.55:408][  0]LogD3D12RHI: Found D3D12 adapter 1: Microsoft Basic Render Driver (Max supported Feature Level 12_1)
[2020.09.26-17.41.55:408][  0]LogD3D12RHI: Adapter has 0MB of dedicated video memory, 0MB of dedicated system memory, and 8157MB of shared system memory, 0 output[s]
[2020.09.26-17.41.55:416][  0]LogD3D12RHI: Found D3D12 adapter 2: Microsoft Basic Render Driver (Max supported Feature Level 12_1)
[2020.09.26-17.41.55:416][  0]LogD3D12RHI: Adapter has 0MB of dedicated video memory, 0MB of dedicated system memory, and 8157MB of shared system memory, 0 output[s]
[2020.09.26-17.41.55:416][  0]LogD3D12RHI: Forcing D3D12.AsyncDeferredDeletion=0 as a workaround for a deadlock.
[2020.09.26-17.41.55:416][  0]LogD3D12RHI: Chosen D3D12 Adapter Id = 0
[2020.09.26-17.41.55:423][  0]LogD3D12RHI: Emitting draw events for PIX profiling.
[2020.09.26-17.41.55:491][  0]LogD3D12RHI: D3D12 ray tracing enabled.
[2020.09.26-17.41.55:491][  0]LogD3D12RHI: The system supports ID3D12Device1.
[2020.09.26-17.41.55:491][  0]LogD3D12RHI: The system supports ID3D12Device2.
[2020.09.26-17.41.55:542][  0]LogD3D12RHI: [GPUBreadCrumb] Successfully setup breadcrumb resource for 3D Queue 0
[2020.09.26-17.41.55:550][  0]LogD3D12RHI: [GPUBreadCrumb] Successfully setup breadcrumb resource for Copy Queue 0
[2020.09.26-17.41.55:563][  0]LogD3D12RHI: [GPUBreadCrumb] Successfully setup breadcrumb resource for Compute Queue 0
[2020.09.26-17.41.55:568][  0]LogD3D12RHI: Display: Not using pipeline state disk cache per r.D3D12.PSO.DiskCache=0
[2020.09.26-17.41.55:568][  0]LogD3D12RHI: Display: Not using driver-optimized pipeline state disk cache per r.D3D12.PSO.DriverOptimizedDiskCache=0
[2020.09.26-17.41.55:569][  0]LogD3D12RHI:     GPU DeviceId: 0x1b06 (for the marketing name, search the web for "GPU Device Id")
[2020.09.26-17.41.55:569][  0]LogWindows: EnumDisplayDevices:
[2020.09.26-17.41.55:569][  0]LogWindows:    0. 'NVIDIA GeForce GTX 1080 Ti' (P:1 D:1)
[2020.09.26-17.41.55:569][  0]LogWindows:    1. 'NVIDIA GeForce GTX 1080 Ti' (P:0 D:1)
[2020.09.26-17.41.55:570][  0]LogWindows:    2. 'NVIDIA GeForce GTX 1080 Ti' (P:0 D:0)
[2020.09.26-17.41.55:570][  0]LogWindows:    3. 'NVIDIA GeForce GTX 1080 Ti' (P:0 D:0)
[2020.09.26-17.41.55:570][  0]LogWindows:    4. 'spacedesk Graphics Adapter' (P:0 D:0)
[2020.09.26-17.41.55:570][  0]LogWindows:    5. 'spacedesk Graphics Adapter' (P:0 D:0)
[2020.09.26-17.41.55:570][  0]LogWindows:    6. 'spacedesk Graphics Adapter' (P:0 D:0)
[2020.09.26-17.41.55:570][  0]LogWindows:    7. 'spacedesk Graphics Adapter' (P:0 D:0)
[2020.09.26-17.41.55:571][  0]LogWindows:    8. 'spacedesk Graphics Adapter' (P:0 D:0)
[2020.09.26-17.41.55:571][  0]LogWindows:    9. 'spacedesk Graphics Adapter' (P:0 D:0)
[2020.09.26-17.41.55:571][  0]LogWindows:    10. 'spacedesk Graphics Adapter' (P:0 D:0)
[2020.09.26-17.41.55:571][  0]LogWindows:    11. 'spacedesk Graphics Adapter' (P:0 D:0)
[2020.09.26-17.41.55:571][  0]LogWindows:    12. 'spacedesk Graphics Adapter' (P:0 D:0)
[2020.09.26-17.41.55:572][  0]LogWindows:    13. 'spacedesk Graphics Adapter' (P:0 D:0)
[2020.09.26-17.41.55:572][  0]LogWindows:    14. 'spacedesk Graphics Adapter' (P:0 D:0)
[2020.09.26-17.41.55:572][  0]LogWindows:    15. 'spacedesk Graphics Adapter' (P:0 D:0)
[2020.09.26-17.41.55:572][  0]LogWindows:    16. 'spacedesk Graphics Adapter' (P:0 D:0)
[2020.09.26-17.41.55:572][  0]LogWindows:    17. 'spacedesk Graphics Adapter' (P:0 D:0)
[2020.09.26-17.41.55:572][  0]LogWindows:    18. 'spacedesk Graphics Adapter' (P:0 D:0)
[2020.09.26-17.41.55:573][  0]LogWindows:    19. 'spacedesk Graphics Adapter' (P:0 D:0)
[2020.09.26-17.41.55:573][  0]LogWindows: DebugString: GetVideoDriverDetailsInvalid PrimaryIsNotTheChoosenAdapter GetVideoDriverDetailsInvalid PrimaryIsNotTheChoosenAdapter GetVideoDriverDetailsInvalid PrimaryIsNotTheChoosenAdapter GetVideoDriverDetailsInvalid PrimaryIsNotTheChoosenAdapter GetVideoDriverDetailsInvalid PrimaryIsNotTheChoosenAdapter GetVideoDriverDetailsInvalid PrimaryIsNotTheChoosenAdapter GetVideoDriverDetailsInvalid PrimaryIsNotTheChoosenAdapter GetVideoDriverDetailsInvalid PrimaryIsNotTheChoosenAdapter GetVideoDriverDetailsInvalid PrimaryIsNotTheChoosenAdapter GetVideoDriverDetailsInvalid PrimaryIsNotTheChoosenAdapter GetVideoDriverDetailsInvalid PrimaryIsNotTheChoosenAdapter GetVideoDriverDetailsInvalid PrimaryIsNotTheChoosenAdapter GetVideoDriverDetailsInvalid PrimaryIsNotTheChoosenAdapter GetVideoDriverDetailsInvalid PrimaryIsNotTheChoosenAdapter GetVideoDriverDetailsInvalid PrimaryIsNotTheChoosenAdapter GetVideoDriverDetailsInvalid PrimaryIsNotTheChoosenAdapter FoundDriverCount:4 
[2020.09.26-17.41.55:573][  0]LogD3D12RHI:     Adapter Name: NVIDIA GeForce GTX 1080 Ti
[2020.09.26-17.41.55:573][  0]LogD3D12RHI:   Driver Version: 452.06 (internal:27.21.14.5206, unified:452.06)
[2020.09.26-17.41.55:573][  0]LogD3D12RHI:      Driver Date: 8-12-2020
[2020.09.26-17.41.55:573][  0]LogRHI: Texture pool is 5958 MB (70% of 8512 MB)
[2020.09.26-17.41.55:573][  0]LogD3D12RHI: Async texture creation enabled
[2020.09.26-17.41.55:573][  0]LogD3D12RHI: RHI has support for 64 bit atomics
[2020.09.26-17.41.55:870][  0]LogTargetPlatformManager: Display: Loaded TargetPlatform 'AllDesktop'
[2020.09.26-17.41.55:891][  0]LogTargetPlatformManager: Display: Loaded TargetPlatform 'Android'
[2020.09.26-17.41.55:891][  0]LogTargetPlatformManager: Display: Loaded TargetPlatform 'Android_ASTC'
[2020.09.26-17.41.55:891][  0]LogTargetPlatformManager: Display: Loaded TargetPlatform 'Android_DXT'
[2020.09.26-17.41.55:891][  0]LogTargetPlatformManager: Display: Loaded TargetPlatform 'Android_ETC2'
[2020.09.26-17.41.55:891][  0]LogTargetPlatformManager: Display: Loaded TargetPlatform 'AndroidClient'
[2020.09.26-17.41.55:891][  0]LogTargetPlatformManager: Display: Loaded TargetPlatform 'Android_ASTCClient'
[2020.09.26-17.41.55:891][  0]LogTargetPlatformManager: Display: Loaded TargetPlatform 'Android_DXTClient'
[2020.09.26-17.41.55:891][  0]LogTargetPlatformManager: Display: Loaded TargetPlatform 'Android_ETC2Client'
[2020.09.26-17.41.55:891][  0]LogTargetPlatformManager: Display: Loaded TargetPlatform 'Android_Multi'
[2020.09.26-17.41.55:891][  0]LogTargetPlatformManager: Display: Loaded TargetPlatform 'Android_MultiClient'
[2020.09.26-17.41.55:913][  0]LogTargetPlatformManager: Display: Loaded TargetPlatform 'IOSClient'
[2020.09.26-17.41.55:913][  0]LogTargetPlatformManager: Display: Loaded TargetPlatform 'IOS'
[2020.09.26-17.41.55:922][  0]LogTargetPlatformManager: Display: Loaded TargetPlatform 'Linux'
[2020.09.26-17.41.55:930][  0]LogTargetPlatformManager: Display: Loaded TargetPlatform 'LinuxNoEditor'
[2020.09.26-17.41.55:937][  0]LogTargetPlatformManager: Display: Loaded TargetPlatform 'LinuxClient'
[2020.09.26-17.41.55:944][  0]LogTargetPlatformManager: Display: Loaded TargetPlatform 'LinuxServer'
[2020.09.26-17.41.55:955][  0]LogTargetPlatformManager: Display: Loaded TargetPlatform 'LinuxAArch64NoEditor'
[2020.09.26-17.41.55:963][  0]LogTargetPlatformManager: Display: Loaded TargetPlatform 'LinuxAArch64Client'
[2020.09.26-17.41.55:972][  0]LogTargetPlatformManager: Display: Loaded TargetPlatform 'LinuxAArch64Server'
[2020.09.26-17.41.55:995][  0]LogTargetPlatformManager: Display: Loaded TargetPlatform 'Lumin'
[2020.09.26-17.41.55:995][  0]LogTargetPlatformManager: Display: Loaded TargetPlatform 'LuminClient'
[2020.09.26-17.41.56:008][  0]LogTargetPlatformManager: Display: Loaded TargetPlatform 'TVOSClient'
[2020.09.26-17.41.56:008][  0]LogTargetPlatformManager: Display: Loaded TargetPlatform 'TVOS'
[2020.09.26-17.41.56:016][  0]LogTargetPlatformManager: Display: Loaded TargetPlatform 'WindowsNoEditor'
[2020.09.26-17.41.56:024][  0]LogTargetPlatformManager: Display: Loaded TargetPlatform 'Windows'
[2020.09.26-17.41.56:032][  0]LogTargetPlatformManager: Display: Loaded TargetPlatform 'WindowsClient'
[2020.09.26-17.41.56:041][  0]LogTargetPlatformManager: Display: Loaded TargetPlatform 'WindowsServer'
[2020.09.26-17.41.56:041][  0]LogTargetPlatformManager: Display: Building Assets For Windows
[2020.09.26-17.41.56:047][  0]LogAudioDebug: Display: Lib vorbis DLL was dynamically loaded.
[2020.09.26-17.41.56:089][  0]LogShaderCompilers: Guid format shader working directory is 6 characters bigger than the processId version (../../../../Github Repos/The_Tailor_Game/Intermediate/Shaders/WorkingDirectory/15336/).
[2020.09.26-17.41.56:090][  0]LogShaderCompilers: Cleaned the shader compiler working directory 'C:/Users/Karasu/AppData/Local/Temp/UnrealShaderWorkingDir/B0F1D9934E834C5D71A9A3880C18193A/'.
[2020.09.26-17.41.56:090][  0]LogXGEController: Cannot use XGE Controller as Incredibuild is not installed on this machine.
[2020.09.26-17.41.56:090][  0]LogShaderCompilers: Cannot use XGE Shader Compiler as Incredibuild is not installed on this machine.
[2020.09.26-17.41.56:090][  0]LogShaderCompilers: Display: Using Local Shader Compiler.
[2020.09.26-17.41.56:883][  0]LogDerivedDataCache: Display: Max Cache Size: 512 MB
[2020.09.26-17.41.56:946][  0]LogDerivedDataCache: Loaded boot cache 0.06s 106MB C:/Users/Karasu/AppData/Local/UnrealEngine/4.25/DerivedDataCache/Boot.ddc.
[2020.09.26-17.41.56:946][  0]LogDerivedDataCache: Display: Loaded Boot cache: C:/Users/Karasu/AppData/Local/UnrealEngine/4.25/DerivedDataCache/Boot.ddc
[2020.09.26-17.41.56:946][  0]LogDerivedDataCache: FDerivedDataBackendGraph:  Pak pak cache file ../../../../Github Repos/The_Tailor_Game/DerivedDataCache/DDC.ddp not found, will not use a pak cache.
[2020.09.26-17.41.56:946][  0]LogDerivedDataCache: Unable to find inner node Pak for hierarchical cache Hierarchy.
[2020.09.26-17.41.56:946][  0]LogDerivedDataCache: FDerivedDataBackendGraph:  CompressedPak pak cache file ../../../../Github Repos/The_Tailor_Game/DerivedDataCache/Compressed.ddp not found, will not use a pak cache.
[2020.09.26-17.41.56:946][  0]LogDerivedDataCache: Unable to find inner node CompressedPak for hierarchical cache Hierarchy.
[2020.09.26-17.41.56:956][  0]LogDerivedDataCache: Display: Pak cache opened for reading ../../../Engine/DerivedDataCache/Compressed.ddp.
[2020.09.26-17.41.56:956][  0]LogDerivedDataCache: FDerivedDataBackendGraph:  EnterprisePak pak cache file ../../../Enterprise/DerivedDataCache/Compressed.ddp not found, will not use a pak cache.
[2020.09.26-17.41.56:956][  0]LogDerivedDataCache: Unable to find inner node EnterprisePak for hierarchical cache Hierarchy.
[2020.09.26-17.41.56:961][  0]LogDerivedDataCache: Using Local data cache path C:/Users/Karasu/AppData/Local/UnrealEngine/Common/DerivedDataCache: Writable
[2020.09.26-17.41.56:961][  0]LogDerivedDataCache: Shared data cache path not found in *engine.ini, will not use an Shared cache.
[2020.09.26-17.41.56:961][  0]LogDerivedDataCache: Unable to find inner node Shared for hierarchical cache Hierarchy.
[2020.09.26-17.41.57:029][  0]LogSlate: Using FreeType 2.10.0
[2020.09.26-17.41.57:030][  0]LogSlate: SlateFontServices - WITH_FREETYPE: 1, WITH_HARFBUZZ: 1
[2020.09.26-17.41.57:053][  0]LogAssetRegistry: FAssetRegistry took 0.0022 seconds to start up
[2020.09.26-17.41.57:288][  0]LogInit: Selected Device Profile: [Windows]
[2020.09.26-17.41.57:401][  0]LogMeshReduction: Using QuadricMeshReduction for automatic static mesh reduction
[2020.09.26-17.41.57:402][  0]LogMeshReduction: Using SimplygonMeshReduction for automatic skeletal mesh reduction
[2020.09.26-17.41.57:402][  0]LogMeshReduction: Using ProxyLODMeshReduction for automatic mesh merging
[2020.09.26-17.41.57:402][  0]LogMeshReduction: No distributed automatic mesh merging module available
[2020.09.26-17.41.57:402][  0]LogMeshMerging: No distributed automatic mesh merging module available
[2020.09.26-17.41.57:513][  0]LogNetVersion: The_Tailor_Game 1.0.0, NetCL: 13144385, EngineNetVer: 14, GameNetVer: 0 (Checksum: 2961047529)
[2020.09.26-17.41.57:885][  0]LogAISub: UAISubsystem::UAISubsystem AISubsystem (0000024648FC9EC0), frame # 0
[2020.09.26-17.41.57:885][  0]LogAISub: UAISubsystem::UAISubsystem AIPerceptionSystem (0000024648F29940), frame # 0
[2020.09.26-17.41.57:886][  0]LogAISub: UAISubsystem::UAISubsystem EnvQueryManager (0000024648F3B000), frame # 0
[2020.09.26-17.41.57:938][  0]LogPackageLocalizationCache: Processed 20 localized package path(s) for 1 prioritized culture(s) in 0.047456 seconds
[2020.09.26-17.41.57:943][  0]LogUObjectArray: 15917 objects as part of root set at end of initial load.
[2020.09.26-17.41.57:943][  0]LogUObjectAllocator: 3965568 out of 0 bytes used by permanent object pool.
[2020.09.26-17.41.57:943][  0]LogUObjectArray: CloseDisregardForGC: 0/0 objects in disregard for GC pool
[2020.09.26-17.41.58:060][  0]LogD3D12RHI: Creating RTPSO with 3 shaders (0 cached, 3 new) took 26.58 ms. Compile time 17.21 ms, link time 9.33 ms.
[2020.09.26-17.41.58:254][  0]LogSubstanceCoreModule: Substance [CPU] Engine Loaded, Max Texture Size = 2048
[2020.09.26-17.41.58:261][  0]LogTcpMessaging: Initializing TcpMessaging bridge
[2020.09.26-17.41.58:265][  0]LogUdpMessaging: Initializing bridge on interface 0.0.0.0:0 to multicast group 230.0.0.1:6666.
[2020.09.26-17.41.58:328][  0]SourceControl: Source control is disabled
[2020.09.26-17.41.58:328][  0]SourceControl: Source control is disabled
[2020.09.26-17.41.58:330][  0]SourceControl: Source control is disabled
[2020.09.26-17.41.58:335][  0]SourceControl: Source control is disabled
[2020.09.26-17.41.58:532][  0]LogAndroidPermission: UAndroidPermissionCallbackProxy::GetInstance
[2020.09.26-17.41.58:548][  0]LogAudioCaptureCore: Display: No Audio Capture implementations found. Audio input will be silent.
[2020.09.26-17.41.58:548][  0]LogAudioCaptureCore: Display: No Audio Capture implementations found. Audio input will be silent.
[2020.09.26-17.41.58:587][  0]LogOcInput: OculusInput pre-init called
[2020.09.26-17.41.58:595][  0]LogWindows: Failed to load 'OVRPlugin.dll' (GetLastError=126)
[2020.09.26-17.41.58:595][  0]LogWindows: File 'OVRPlugin.dll' does not exist
[2020.09.26-17.41.58:703][  0]LogEngine: Initializing Engine...
[2020.09.26-17.41.58:705][  0]LogHMD: Failed to initialize OpenVR with code 110
[2020.09.26-17.41.58:705][  0]LogMagicLeap: Warning: VR disabled because ZI is not enabled.  To enable, in the editor, Edit -> Project Settings -> Plugins -> Magic Leap Plugin -> Enable Zero Iteration
[2020.09.26-17.41.58:706][  0]LogStats: UGameplayTagsManager::InitializeManager -  0.000 s
[2020.09.26-17.41.58:824][  0]LogInit: Initializing FReadOnlyCVARCache
[2020.09.26-17.41.58:839][  0]LogAIModule: Creating AISystem for world Untitled
[2020.09.26-17.41.58:839][  0]LogAISub: UAISubsystem::UAISubsystem EnvQueryManager (000002464FF5E600), frame # 0
[2020.09.26-17.41.58:839][  0]LogAISub: UAISubsystem::UAISubsystem AIPerceptionSystem (000002464FFAAC00), frame # 0
[2020.09.26-17.41.58:843][  0]LogAudioMixer: Display: Audio Mixer Platform Settings:
[2020.09.26-17.41.58:843][  0]LogAudioMixer: Display: 	Sample Rate:						  48000
[2020.09.26-17.41.58:843][  0]LogAudioMixer: Display: 	Callback Buffer Frame Size Requested: 1024
[2020.09.26-17.41.58:843][  0]LogAudioMixer: Display: 	Callback Buffer Frame Size To Use:	  1024
[2020.09.26-17.41.58:843][  0]LogAudioMixer: Display: 	Number of buffers to queue:			  2
[2020.09.26-17.41.58:843][  0]LogAudioMixer: Display: 	Max Channels (voices):				  32
[2020.09.26-17.41.58:843][  0]LogAudioMixer: Display: 	Number of Async Source Workers:		  0
[2020.09.26-17.41.58:843][  0]LogAudio: Display: AudioDevice MaxSources: 32
[2020.09.26-17.41.58:843][  0]LogAudio: Display: Using built-in audio occlusion.
[2020.09.26-17.41.58:843][  0]LogAudioMixer: Display: Initializing audio mixer.
[2020.09.26-17.41.58:857][  0]LogAudioMixer: Display: 0: FrontLeft
[2020.09.26-17.41.58:857][  0]LogAudioMixer: Display: 1: FrontRight
[2020.09.26-17.41.58:888][  0]LogAudioMixer: Display: Using Audio Device Speakers (4- USB Audio Device)
[2020.09.26-17.41.58:890][  0]LogAudioMixer: Display: Initializing Sound Submixes...
[2020.09.26-17.41.58:891][  0]LogAudioMixer: Display: Creating Master Submix 'MasterSubmixDefault'
[2020.09.26-17.41.58:891][  0]LogAudioMixer: Display: Creating Master Submix 'MasterReverbSubmixDefault'
[2020.09.26-17.41.58:892][  0]LogAudioMixer: Display: Creating Master Submix 'MasterEQSubmixDefault'
[2020.09.26-17.41.58:893][  0]LogInit: FAudioDevice initialized.
[2020.09.26-17.41.58:893][  0]LogNetVersion: Set ProjectVersion to 1.0.0.0. Version Checksum will be recalculated on next use.
[2020.09.26-17.41.58:982][  0]LogDerivedDataCache: Saved boot cache 0.09s 106MB C:/Users/Karasu/AppData/Local/UnrealEngine/4.25/DerivedDataCache/Boot.ddc.
[2020.09.26-17.41.58:991][  0]LogInit: Texture streaming: Enabled
[2020.09.26-17.41.59:005][  0]LogEngineSessionManager: EngineSessionManager initialized
[2020.09.26-17.41.59:005][  0]LogEditorSessionSummary: Verbose: Initializing EditorSessionSummaryWriter for editor session tracking
[2020.09.26-17.41.59:006][  0]LogEditorSessionSummary: EditorSessionSummaryWriter initialized
[2020.09.26-17.41.59:063][  0]LogInit: Transaction tracking system initialized
[2020.09.26-17.41.59:079][  0]BlueprintLog: New page: Editor Load
[2020.09.26-17.41.59:129][  0]LocalizationService: Localization service is disabled
[2020.09.26-17.41.59:262][  0]LogCook: Display: Max memory allowance for cook 16384mb min free memory 0mb
[2020.09.26-17.41.59:262][  0]LogCook: Display: Mobile HDR setting 1
[2020.09.26-17.41.59:367][  0]LogFileCache: Scanning file cache for directory 'Z:/Game Dev/Github Repos/The_Tailor_Game/Content/' took 0.00s
[2020.09.26-17.41.59:584][  0]SourceControl: Source control is disabled
[2020.09.26-17.41.59:584][  0]LogUnrealEdMisc: Loading editor; pre map load, took 5.747
[2020.09.26-17.41.59:584][  0]Cmd: MAP LOAD FILE="../../../../Github Repos/The_Tailor_Game/Content/FirstPersonBP/Maps/FirstPersonExampleMap.umap" TEMPLATE=0 SHOWPROGRESS=1 FEATURELEVEL=3
[2020.09.26-17.41.59:584][  0]LightingResults: New page: Lighting Build
[2020.09.26-17.41.59:585][  0]LogWorld: UWorld::CleanupWorld for Untitled, bSessionEnded=true, bCleanupResources=true
[2020.09.26-17.41.59:585][  0]LogSlate: InvalidateAllWidgets triggered.  All widgets were invalidated
[2020.09.26-17.41.59:585][  0]MapCheck: New page: Map Check
[2020.09.26-17.41.59:585][  0]LightingResults: New page: Lighting Build
[2020.09.26-17.41.59:592][  0]LogAISub: UAISubsystem::~UAISubsystem EnvQueryManager (000002464FF5E600), frame # 0
[2020.09.26-17.41.59:592][  0]LogAISub: UAISubsystem::~UAISubsystem AIPerceptionSystem (000002464FFAAC00), frame # 0
[2020.09.26-17.41.59:593][  0]LogUObjectHash: Compacting FUObjectHashTables data took   0.72ms
[2020.09.26-17.41.59:667][  0]LogBlueprint: Warning: [Compiler FirstPersonCharacter] InputAction Event references unknown Action 'ResetVR' for  InputAction ResetVR
[2020.09.26-17.41.59:668][  0]LogBlueprint: Warning: [Compiler FirstPersonCharacter] InputAction Event references unknown Action 'Fire' for  InputAction Fire
[2020.09.26-17.41.59:766][  0]LogEditorServer: Finished looking for orphan Actors (0.000 secs)
[2020.09.26-17.41.59:766][  0]LogAIModule: Creating AISystem for world Room_1
[2020.09.26-17.41.59:766][  0]LogAISub: UAISubsystem::UAISubsystem EnvQueryManager (00000246312E6800), frame # 0
[2020.09.26-17.41.59:766][  0]LogAISub: UAISubsystem::UAISubsystem AIPerceptionSystem (00000246312AB9C0), frame # 0
[2020.09.26-17.41.59:775][  0]LogUObjectHash: Compacting FUObjectHashTables data took   0.72ms
[2020.09.26-17.41.59:784][  0]Cmd: MAP CHECKDEP NOCLEARLOG
[2020.09.26-17.41.59:784][  0]MapCheck: Map check complete: 0 Error(s), 0 Warning(s), took 0.083ms to complete.
[2020.09.26-17.41.59:784][  0]LogFileHelpers: Loading map 'FirstPersonExampleMap' took 0.200
[2020.09.26-17.41.59:784][  0]LogAssetRegistry: Flushing asset discovery search because of synchronous request, this can take several seconds...
[2020.09.26-17.41.59:799][  0]LogAssetRegistry: Asset discovery search completed in 0.0150 seconds
[2020.09.26-17.41.59:805][  0]LogCollectionManager: Loaded 0 collections in 0.000574 seconds
[2020.09.26-17.41.59:807][  0]LogFileCache: Scanning file cache for directory 'Z:/Game Dev/Github Repos/The_Tailor_Game/Saved/Collections/' took 0.00s
[2020.09.26-17.41.59:807][  0]LogFileCache: Scanning file cache for directory 'Z:/Game Dev/Github Repos/The_Tailor_Game/Content/Developers/Karasu/Collections/' took 0.00s
[2020.09.26-17.41.59:807][  0]LogFileCache: Scanning file cache for directory 'Z:/Game Dev/Github Repos/The_Tailor_Game/Content/Collections/' took 0.00s
[2020.09.26-17.41.59:807][  0]LogCollectionManager: Fixed up redirectors for 0 collections in 0.000003 seconds (updated 0 objects)
[2020.09.26-17.41.59:808][  0]LogUnrealEdMisc: Total Editor Startup Time, took 5.971
[2020.09.26-17.41.59:959][  0]LogSlate: Updating window title bar state: overlay mode, drag disabled, window buttons hidden, title bar hidden
[2020.09.26-17.41.59:967][  0]LogSlate: Updating window title bar state: overlay mode, drag disabled, window buttons hidden, title bar hidden
[2020.09.26-17.41.59:975][  0]LogSlate: Updating window title bar state: overlay mode, drag disabled, window buttons hidden, title bar hidden
[2020.09.26-17.41.59:982][  0]LogSlate: Updating window title bar state: overlay mode, drag disabled, window buttons hidden, title bar hidden
[2020.09.26-17.41.59:994][  0]LogContentBrowser: Native class hierarchy populated in 0.0087 seconds. Added 3439 classes and 830 folders.
[2020.09.26-17.41.59:999][  0]LogContentBrowser: Native class hierarchy updated for 'WidgetCarousel' in 0.0002 seconds. Added 0 classes and 0 folders.
[2020.09.26-17.42.00:032][  0]LogContentBrowser: Native class hierarchy updated for 'AddContentDialog' in 0.0002 seconds. Added 0 classes and 0 folders.
[2020.09.26-17.42.00:033][  0]LogContentBrowser: Native class hierarchy updated for 'SceneOutliner' in 0.0002 seconds. Added 2 classes and 0 folders.
[2020.09.26-17.42.00:154][  0]LogSlate: Took 0.000214 seconds to synchronously load lazily loaded font '../../../Engine/Content/Slate/Fonts/Roboto-Regular.ttf' (155K)
[2020.09.26-17.42.00:156][  0]LogSlate: Took 0.000137 seconds to synchronously load lazily loaded font '../../../Engine/Content/Slate/Fonts/Roboto-Bold.ttf' (160K)
[2020.09.26-17.42.00:161][  0]LogSlate: Took 0.000181 seconds to synchronously load lazily loaded font '../../../Engine/Content/Editor/Slate/Fonts/FontAwesome.ttf' (139K)
[2020.09.26-17.42.00:243][  0]LogRenderer: Reallocating scene render targets to support 1288x620 Format 10 NumSamples 1 (Frame:1).
[2020.09.26-17.42.00:548][  0]LogD3D12RHI: Creating RTPSO with 134 shaders (0 cached, 134 new) took 271.30 ms. Compile time 254.61 ms, link time 16.46 ms.
[2020.09.26-17.42.00:776][  0]LogD3D12RHI: Creating RTPSO with 3 shaders (0 cached, 3 new) took 14.49 ms. Compile time 5.69 ms, link time 8.78 ms.
[2020.09.26-17.42.01:096][  0]LogContentBrowser: Native class hierarchy updated for 'HierarchicalLODOutliner' in 0.0002 seconds. Added 0 classes and 0 folders.
[2020.09.26-17.42.01:096][  0]LogLoad: (Engine Initialization) Total time: 7.26 seconds
[2020.09.26-17.42.01:096][  0]LogLoad: (Engine Initialization) Total Blueprint compile time: 0.00 seconds
[2020.09.26-17.42.01:140][  0]LogD3D12RHI: Creating RTPSO with 135 shaders (134 cached, 1 new) took 12.27 ms. Compile time 2.37 ms, link time 9.55 ms.
[2020.09.26-17.42.01:140][  0]LogContentStreaming: Texture pool size now 1000 MB
[2020.09.26-17.42.01:177][  1]LogSubstanceLiveLink: Warning: Unable to send data along socket, closing connection
[2020.09.26-17.42.09:752][995]LogSlate: Window 'Plugins' being destroyed
[2020.09.26-17.42.09:756][995]LogSlate: Window 'Plugins' being destroyed
[2020.09.26-17.42.09:756][995]LogDirectoryWatcher: A directory notification for '../../../Engine/Plugins/' was aborted.
[2020.09.26-17.42.09:757][995]LogDirectoryWatcher: A directory notification for '../../../../Github Repos/The_Tailor_Game/Plugins/' was aborted.
[2020.09.26-17.43.06:363][300]LogSlate: Window 'Source Control Login' being destroyed
[2020.09.26-18.02.12:032][816]LogAudioMixer: Warning: Changing default audio render device to new device: {0.0.0.00000000}.{0e5ef123-ef84-4fa7-bff8-d41f22309153}.
[2020.09.26-18.02.12:032][816]LogTemp: Resetting audio stream to device id 
[2020.09.26-18.02.12:055][816]LogAudioMixer: Display: 0: FrontLeft
[2020.09.26-18.02.12:055][816]LogAudioMixer: Display: 1: FrontRight
[2020.09.26-18.03.24:686][ 33]LogAudioMixer: Warning: Changing default audio render device to new device: {0.0.0.00000000}.{13121e1a-d14d-43b0-9831-5a5796563987}.
[2020.09.26-18.03.24:686][ 33]LogTemp: Resetting audio stream to device id 
[2020.09.26-18.03.24:712][ 33]LogAudioMixer: Display: 0: FrontLeft
[2020.09.26-18.03.24:712][ 33]LogAudioMixer: Display: 1: FrontRight
[2020.09.26-18.03.25:352][ 35]LogAudioMixer: Warning: Changing default audio render device to new device: {0.0.0.00000000}.{0e5ef123-ef84-4fa7-bff8-d41f22309153}.
[2020.09.26-18.03.25:352][ 35]LogTemp: Resetting audio stream to device id 
[2020.09.26-18.03.25:380][ 35]LogAudioMixer: Display: 0: FrontLeft
[2020.09.26-18.03.25:380][ 35]LogAudioMixer: Display: 1: FrontRight
[2020.09.26-18.07.04:049][897]LogSlate: Took 0.000289 seconds to synchronously load lazily loaded font '../../../Engine/Content/Slate/Fonts/Roboto-Light.ttf' (167K)
[2020.09.26-18.07.04:069][897]Cmd: OBJ SAVEPACKAGE PACKAGE="/Game/FirstPersonBP/Maps/Room_1" FILE="../../../../Github Repos/The_Tailor_Game/Content/FirstPersonBP/Maps/Room_1.umap" SILENT=true AUTOSAVING=false KEEPDIRTY=false
[2020.09.26-18.07.04:083][897]LogUObjectHash: Compacting FUObjectHashTables data took   0.89ms
[2020.09.26-18.07.04:115][897]LogSavePackage: Moving '../../../../Github Repos/The_Tailor_Game/Saved/Room_14024F2DD4D6DB769D8D69DB5F4BE3E98.tmp' to '../../../../Github Repos/The_Tailor_Game/Content/FirstPersonBP/Maps/Room_1.umap'
[2020.09.26-18.07.04:147][897]Cmd: OBJ SAVEPACKAGE PACKAGE="/Game/FirstPersonBP/Maps/Room_1_BuiltData" FILE="../../../../Github Repos/The_Tailor_Game/Content/FirstPersonBP/Maps/Room_1_BuiltData.uasset" SILENT=true
[2020.09.26-18.07.04:191][897]LogSavePackage: Moving '../../../../Github Repos/The_Tailor_Game/Saved/Room_1_BuiltDataCA9922544B7987B97EBF17947A67FB65.tmp' to '../../../../Github Repos/The_Tailor_Game/Content/FirstPersonBP/Maps/Room_1_BuiltData.uasset'
[2020.09.26-18.07.04:221][897]AssetCheck: New page: Asset Save: multiple assets
[2020.09.26-18.07.04:221][897]LogContentValidation: Display: Validating World /Game/FirstPersonBP/Maps/Room_1.Room_1
[2020.09.26-18.07.04:221][897]LogContentValidation: Display: Validating MapBuildDataRegistry /Game/FirstPersonBP/Maps/Room_1_BuiltData.Room_1_BuiltData
