Log file open, 09/26/20 18:38:38
LogInit: Display: Running engine for game: The_Tailor_Game
LogPlatformFile: Not using cached read wrapper
LogTaskGraph: Started task graph with 5 named threads and 23 total threads with 3 sets of task threads.
LogStats: Stats thread started at 0.595862
LogD3D11RHI: Loaded GFSDK_Aftermath_Lib.x64.dll
LogICUInternationalization: ICU TimeZone Detection - Raw Offset: +0:00, Platform Override: ''
LogPluginManager: Mounting plugin Paper2D
LogPluginManager: Mounting plugin AISupport
LogPluginManager: Mounting plugin LightPropagationVolume
LogPluginManager: Mounting plugin CameraShakePreviewer
LogPluginManager: Mounting plugin ActorLayerUtilities
LogPluginManager: Mounting plugin AnimationSharing
LogPluginManager: Mounting plugin CLionSourceCodeAccess
LogPluginManager: Mounting plugin CodeLiteSourceCodeAccess
LogPluginManager: Mounting plugin GitSourceControl
LogPluginManager: Mounting plugin KDevelopSourceCodeAccess
LogPluginManager: Mounting plugin NullSourceCodeAccess
LogPluginManager: Mounting plugin PerforceSourceControl
LogPluginManager: Mounting plugin PlasticSourceControl
LogPluginManager: Mounting plugin RiderSourceCodeAccess
LogPluginManager: Mounting plugin SubversionSourceControl
LogPluginManager: Mounting plugin UObjectPlugin
LogPluginManager: Mounting plugin VisualStudioCodeSourceCodeAccess
LogPluginManager: Mounting plugin VisualStudioSourceCodeAccess
LogPluginManager: Mounting plugin XCodeSourceCodeAccess
LogPluginManager: Mounting plugin AssetManagerEditor
LogPluginManager: Mounting plugin CryptoKeys
LogPluginManager: Mounting plugin CurveEditorTools
LogPluginManager: Mounting plugin DataValidation
LogPluginManager: Mounting plugin EditorScriptingUtilities
LogPluginManager: Mounting plugin FacialAnimation
LogPluginManager: Mounting plugin GameplayTagsEditor
LogPluginManager: Mounting plugin GeometryMode
LogPluginManager: Mounting plugin MacGraphicsSwitching
LogPluginManager: Mounting plugin MaterialAnalyzer
LogPluginManager: Mounting plugin MobileLauncherProfileWizard
LogPluginManager: Mounting plugin PluginBrowser
LogPluginManager: Mounting plugin SpeedTreeImporter
LogPluginManager: Mounting plugin DatasmithContent
LogPluginManager: Mounting plugin VariantManagerContent
LogPluginManager: Mounting plugin AlembicImporter
LogPluginManager: Mounting plugin AutomationUtils
LogPluginManager: Mounting plugin BackChannel
LogPluginManager: Mounting plugin ChaosCloth
LogPluginManager: Mounting plugin ChaosClothEditor
LogPluginManager: Mounting plugin ChaosEditor
LogPluginManager: Mounting plugin ChaosNiagara
LogPluginManager: Mounting plugin ChaosSolverPlugin
LogPluginManager: Mounting plugin CharacterAI
LogPluginManager: Mounting plugin GeometryCache
LogPluginManager: Mounting plugin GeometryCollectionPlugin
LogPluginManager: Mounting plugin GeometryProcessing
LogPluginManager: Mounting plugin PlanarCut
LogPluginManager: Mounting plugin PlatformCrypto
LogPluginManager: Mounting plugin ProxyLODPlugin
LogPluginManager: Mounting plugin SkeletalReduction
LogPluginManager: Mounting plugin Niagara
LogPluginManager: Mounting plugin MagicLeap
LogPluginManager: Mounting plugin MagicLeapLightEstimation
LogPluginManager: Mounting plugin MagicLeapMedia
LogPluginManager: Mounting plugin MagicLeapPassableWorld
LogPluginManager: Mounting plugin MLSDK
LogPluginManager: Mounting plugin FirstPersonCharacter
LogPluginManager: Mounting plugin Substance
LogPluginManager: Mounting plugin AndroidMedia
LogPluginManager: Mounting plugin AvfMedia
LogPluginManager: Mounting plugin ImgMedia
LogPluginManager: Mounting plugin MediaCompositing
LogPluginManager: Mounting plugin MediaPlayerEditor
LogPluginManager: Mounting plugin WebMMedia
LogPluginManager: Mounting plugin WmfMedia
LogPluginManager: Mounting plugin MeshPainting
LogPluginManager: Mounting plugin TcpMessaging
LogPluginManager: Mounting plugin UdpMessaging
LogPluginManager: Mounting plugin ActorSequence
LogPluginManager: Mounting plugin LevelSequenceEditor
LogPluginManager: Mounting plugin MatineeToLevelSequence
LogPluginManager: Mounting plugin MovieRenderPipeline
LogPluginManager: Mounting plugin TemplateSequence
LogPluginManager: Mounting plugin NetcodeUnitTest
LogPluginManager: Mounting plugin NUTUnrealEngine4
LogPluginManager: Mounting plugin OnlineSubsystemGooglePlay
LogPluginManager: Mounting plugin OnlineSubsystemIOS
LogPluginManager: Mounting plugin OnlineSubsystem
LogPluginManager: Mounting plugin OnlineSubsystemNull
LogPluginManager: Mounting plugin OnlineSubsystemUtils
LogPluginManager: Mounting plugin LauncherChunkInstaller
LogPluginManager: Mounting plugin AndroidDeviceProfileSelector
LogPluginManager: Mounting plugin AndroidMoviePlayer
LogPluginManager: Mounting plugin AndroidPermission
LogPluginManager: Mounting plugin AppleImageUtils
LogPluginManager: Mounting plugin AppleMoviePlayer
LogPluginManager: Mounting plugin ArchVisCharacter
LogPluginManager: Mounting plugin AssetTags
LogPluginManager: Mounting plugin AudioCapture
LogPluginManager: Mounting plugin CableComponent
LogPluginManager: Mounting plugin CustomMeshComponent
LogPluginManager: Mounting plugin EditableMesh
LogPluginManager: Mounting plugin ExampleDeviceProfileSelector
LogPluginManager: Mounting plugin GoogleCloudMessaging
LogPluginManager: Mounting plugin GooglePAD
LogPluginManager: Mounting plugin IOSDeviceProfileSelector
LogPluginManager: Mounting plugin LinuxDeviceProfileSelector
LogPluginManager: Mounting plugin LocationServicesBPLibrary
LogPluginManager: Mounting plugin MobilePatchingUtils
LogPluginManager: Mounting plugin OculusVR
LogPluginManager: Mounting plugin PhysXVehicles
LogPluginManager: Mounting plugin PostSplashScreen
LogPluginManager: Mounting plugin ProceduralMeshComponent
LogPluginManager: Mounting plugin RuntimePhysXCooking
LogPluginManager: Mounting plugin SignificanceManager
LogPluginManager: Mounting plugin SoundFields
LogPluginManager: Mounting plugin SteamVR
LogPluginManager: Mounting plugin Synthesis
LogPluginManager: Mounting plugin WebMMoviePlayer
LogPluginManager: Mounting plugin WindowsMoviePlayer
LogPluginManager: Mounting plugin ScreenshotTools
LogInit: Using libcurl 7.55.1-DEV
LogInit:  - built for x86_64-pc-win32
LogInit:  - supports SSL with OpenSSL/1.1.1
LogInit:  - supports HTTP deflate (compression) using libz 1.2.8
LogInit:  - other features:
LogInit:      CURL_VERSION_SSL
LogInit:      CURL_VERSION_LIBZ
LogInit:      CURL_VERSION_IPV6
LogInit:      CURL_VERSION_ASYNCHDNS
LogInit:      CURL_VERSION_LARGEFILE
LogInit:      CURL_VERSION_IDN
LogInit:  CurlRequestOptions (configurable via config and command line):
LogInit:  - bVerifyPeer = true  - Libcurl will verify peer certificate
LogInit:  - bUseHttpProxy = false  - Libcurl will NOT use HTTP proxy
LogInit:  - bDontReuseConnections = false  - Libcurl will reuse connections
LogInit:  - MaxHostConnections = 16  - Libcurl will limit the number of connections to a host
LogInit:  - LocalHostAddr = Default
LogInit:  - BufferSize = 65536
LogOnline: OSS: Creating online subsystem instance for: NULL
LogInit: WinSock: version 1.1 (2.2), MaxSocks=32767, MaxUdp=65467
LogOnline: OSS: TryLoadSubsystemAndSetDefault: Loaded subsystem for module [NULL]
LogInit: Build: ++UE4+Release-4.25-CL-13942748
LogInit: Engine Version: 4.25.3-13942748+++UE4+Release-4.25
LogInit: Compatible Engine Version: 4.25.0-13144385+++UE4+Release-4.25
LogInit: Net CL: 13144385
LogInit: OS: Windows 10 (Release 1909) (), CPU: Intel(R) Core(TM) i7-4790 CPU @ 3.60GHz, GPU: NVIDIA GeForce GTX 1080 Ti
LogInit: Compiled (64-bit): Jul 25 2020 02:07:48
LogInit: Compiled with Visual C++: 19.24.28315.00
LogInit: Build Configuration: Development
LogInit: Branch Name: ++UE4+Release-4.25
LogInit: Command Line: 
LogInit: Base Directory: Z:/Game Dev/UE_4.25/Engine/Binaries/Win64/
LogInit: Allocator: TBB
LogInit: Installed Engine Build: 1
LogDevObjectVersion: Number of dev versions registered: 26
LogDevObjectVersion:   Dev-Blueprints (B0D832E4-1F89-4F0D-ACCF-7EB736FD4AA2): 10
LogDevObjectVersion:   Dev-Build (E1C64328-A22C-4D53-A36C-8E866417BD8C): 0
LogDevObjectVersion:   Dev-Core (375EC13C-06E4-48FB-B500-84F0262A717E): 4
LogDevObjectVersion:   Dev-Editor (E4B068ED-F494-42E9-A231-DA0B2E46BB41): 38
LogDevObjectVersion:   Dev-Framework (CFFC743F-43B0-4480-9391-14DF171D2073): 37
LogDevObjectVersion:   Dev-Mobile (B02B49B5-BB20-44E9-A304-32B752E40360): 2
LogDevObjectVersion:   Dev-Networking (A4E4105C-59A1-49B5-A7C5-40C4547EDFEE): 0
LogDevObjectVersion:   Dev-Online (39C831C9-5AE6-47DC-9A44-9C173E1C8E7C): 0
LogDevObjectVersion:   Dev-Physics (78F01B33-EBEA-4F98-B9B4-84EACCB95AA2): 4
LogDevObjectVersion:   Dev-Platform (6631380F-2D4D-43E0-8009-CF276956A95A): 0
LogDevObjectVersion:   Dev-Rendering (12F88B9F-8875-4AFC-A67C-D90C383ABD29): 43
LogDevObjectVersion:   Dev-Sequencer (7B5AE74C-D270-4C10-A958-57980B212A5A): 12
LogDevObjectVersion:   Dev-VR (D7296918-1DD6-4BDD-9DE2-64A83CC13884): 3
LogDevObjectVersion:   Dev-LoadTimes (C2A15278-BFE7-4AFE-6C17-90FF531DF755): 1
LogDevObjectVersion:   Private-Geometry (6EACA3D4-40EC-4CC1-B786-8BED09428FC5): 3
LogDevObjectVersion:   Dev-AnimPhys (29E575DD-E0A3-4627-9D10-D276232CDCEA): 17
LogDevObjectVersion:   Dev-Anim (AF43A65D-7FD3-4947-9873-3E8ED9C1BB05): 7
LogDevObjectVersion:   Dev-ReflectionCapture (6B266CEC-1EC7-4B8F-A30B-E4D90942FC07): 1
LogDevObjectVersion:   Dev-Automation (0DF73D61-A23F-47EA-B727-89E90C41499A): 1
LogDevObjectVersion:   FortniteMain (601D1886-AC64-4F84-AA16-D3DE0DEAC7D6): 31
LogDevObjectVersion:   Dev-Enterprise (9DFFBCD6-494F-0158-E221-12823C92A888): 10
LogDevObjectVersion:   Dev-Niagara (F2AED0AC-9AFE-416F-8664-AA7FFA26D6FC): 1
LogDevObjectVersion:   Dev-Destruction (174F1F0B-B4C6-45A5-B13F-2EE8D0FB917D): 10
LogDevObjectVersion:   Dev-Physics-Ext (35F94A83-E258-406C-A318-09F59610247C): 37
LogDevObjectVersion:   Dev-PhysicsMaterial-Chaos (B68FC16E-8B1B-42E2-B453-215C058844FE): 1
LogDevObjectVersion:   Dev-CineCamera (B2E18506-4273-CFC2-A54E-F4BB758BBA07): 1
LogInit: Presizing for max 25165824 objects, including 0 objects not considered by GC, pre-allocating 0 bytes for permanent pool.
LogConfig: Applying CVar settings from Section [/Script/Engine.StreamingSettings] File [Z:/Game Dev/Github Repos/The_Tailor_Game/Saved/Config/Windows/Engine.ini]
LogConfig: Setting CVar [[s.MinBulkDataSizeForAsyncLoading:131072]]
LogConfig: Setting CVar [[s.AsyncLoadingThreadEnabled:0]]
LogConfig: Setting CVar [[s.EventDrivenLoaderEnabled:1]]
LogConfig: Setting CVar [[s.WarnIfTimeLimitExceeded:0]]
LogConfig: Setting CVar [[s.TimeLimitExceededMultiplier:1.5]]
LogConfig: Setting CVar [[s.TimeLimitExceededMinTime:0.005]]
LogConfig: Setting CVar [[s.UseBackgroundLevelStreaming:1]]
LogConfig: Setting CVar [[s.PriorityAsyncLoadingExtraTime:15.0]]
LogConfig: Setting CVar [[s.LevelStreamingActorsUpdateTimeLimit:5.0]]
LogConfig: Setting CVar [[s.PriorityLevelStreamingActorsUpdateExtraTime:5.0]]
LogConfig: Setting CVar [[s.LevelStreamingComponentsRegistrationGranularity:10]]
LogConfig: Setting CVar [[s.UnregisterComponentsTimeLimit:1.0]]
LogConfig: Setting CVar [[s.LevelStreamingComponentsUnregistrationGranularity:5]]
LogConfig: Setting CVar [[s.FlushStreamingOnExit:1]]
LogInit: Object subsystem initialized
LogConfig: Setting CVar [[con.DebugEarlyDefault:1]]
LogConfig: Setting CVar [[r.setres:1280x720]]
[2020.09.26-17.38.39:773][  0]LogConfig: Setting CVar [[r.VSync:0]]
[2020.09.26-17.38.39:773][  0]LogConfig: Setting CVar [[r.RHICmdBypass:0]]
[2020.09.26-17.38.39:773][  0]LogConfig: Applying CVar settings from Section [/Script/Engine.RendererSettings] File [Z:/Game Dev/Github Repos/The_Tailor_Game/Saved/Config/Windows/Engine.ini]
[2020.09.26-17.38.39:773][  0]LogConfig: Setting CVar [[r.GPUCrashDebugging:0]]
[2020.09.26-17.38.39:773][  0]LogConfig: Setting CVar [[r.SkinCache.CompileShaders:1]]
[2020.09.26-17.38.39:773][  0]LogConfig: Setting CVar [[r.RayTracing:1]]
[2020.09.26-17.38.39:773][  0]LogConfig: Applying CVar settings from Section [/Script/Engine.RendererOverrideSettings] File [Z:/Game Dev/Github Repos/The_Tailor_Game/Saved/Config/Windows/Engine.ini]
[2020.09.26-17.38.39:773][  0]LogConfig: Applying CVar settings from Section [/Script/Engine.StreamingSettings] File [Z:/Game Dev/Github Repos/The_Tailor_Game/Saved/Config/Windows/Engine.ini]
[2020.09.26-17.38.39:773][  0]LogConfig: Setting CVar [[s.MinBulkDataSizeForAsyncLoading:131072]]
[2020.09.26-17.38.39:773][  0]LogConfig: Setting CVar [[s.AsyncLoadingThreadEnabled:0]]
[2020.09.26-17.38.39:773][  0]LogConfig: Setting CVar [[s.EventDrivenLoaderEnabled:1]]
[2020.09.26-17.38.39:773][  0]LogConfig: Setting CVar [[s.WarnIfTimeLimitExceeded:0]]
[2020.09.26-17.38.39:773][  0]LogConfig: Setting CVar [[s.TimeLimitExceededMultiplier:1.5]]
[2020.09.26-17.38.39:773][  0]LogConfig: Setting CVar [[s.TimeLimitExceededMinTime:0.005]]
[2020.09.26-17.38.39:773][  0]LogConfig: Setting CVar [[s.UseBackgroundLevelStreaming:1]]
[2020.09.26-17.38.39:773][  0]LogConfig: Setting CVar [[s.PriorityAsyncLoadingExtraTime:15.0]]
[2020.09.26-17.38.39:773][  0]LogConfig: Setting CVar [[s.LevelStreamingActorsUpdateTimeLimit:5.0]]
[2020.09.26-17.38.39:773][  0]LogConfig: Setting CVar [[s.PriorityLevelStreamingActorsUpdateExtraTime:5.0]]
[2020.09.26-17.38.39:773][  0]LogConfig: Setting CVar [[s.LevelStreamingComponentsRegistrationGranularity:10]]
[2020.09.26-17.38.39:774][  0]LogConfig: Setting CVar [[s.UnregisterComponentsTimeLimit:1.0]]
[2020.09.26-17.38.39:774][  0]LogConfig: Setting CVar [[s.LevelStreamingComponentsUnregistrationGranularity:5]]
[2020.09.26-17.38.39:774][  0]LogConfig: Setting CVar [[s.FlushStreamingOnExit:1]]
[2020.09.26-17.38.39:774][  0]LogConfig: Applying CVar settings from Section [/Script/Engine.GarbageCollectionSettings] File [Z:/Game Dev/Github Repos/The_Tailor_Game/Saved/Config/Windows/Engine.ini]
[2020.09.26-17.38.39:774][  0]LogConfig: Setting CVar [[gc.MaxObjectsNotConsideredByGC:1]]
[2020.09.26-17.38.39:774][  0]LogConfig: Setting CVar [[gc.SizeOfPermanentObjectPool:0]]
[2020.09.26-17.38.39:774][  0]LogConfig: Setting CVar [[gc.FlushStreamingOnGC:0]]
[2020.09.26-17.38.39:774][  0]LogConfig: Setting CVar [[gc.NumRetriesBeforeForcingGC:10]]
[2020.09.26-17.38.39:774][  0]LogConfig: Setting CVar [[gc.AllowParallelGC:1]]
[2020.09.26-17.38.39:774][  0]LogConfig: Setting CVar [[gc.TimeBetweenPurgingPendingKillObjects:61.1]]
[2020.09.26-17.38.39:774][  0]LogConfig: Setting CVar [[gc.MaxObjectsInEditor:25165824]]
[2020.09.26-17.38.39:774][  0]LogConfig: Setting CVar [[gc.IncrementalBeginDestroyEnabled:1]]
[2020.09.26-17.38.39:774][  0]LogConfig: Setting CVar [[gc.CreateGCClusters:1]]
[2020.09.26-17.38.39:774][  0]LogConfig: Setting CVar [[gc.MinGCClusterSize:5]]
[2020.09.26-17.38.39:774][  0]LogConfig: Setting CVar [[gc.ActorClusteringEnabled:0]]
[2020.09.26-17.38.39:774][  0]LogConfig: Setting CVar [[gc.BlueprintClusteringEnabled:0]]
[2020.09.26-17.38.39:774][  0]LogConfig: Setting CVar [[gc.UseDisregardForGCOnDedicatedServers:0]]
[2020.09.26-17.38.39:774][  0]LogConfig: Applying CVar settings from Section [/Script/Engine.NetworkSettings] File [Z:/Game Dev/Github Repos/The_Tailor_Game/Saved/Config/Windows/Engine.ini]
[2020.09.26-17.38.39:774][  0]LogConfig: Applying CVar settings from Section [/Script/UnrealEd.CookerSettings] File [Z:/Game Dev/Github Repos/The_Tailor_Game/Saved/Config/Windows/Engine.ini]
[2020.09.26-17.38.39:782][  0]LogConfig: Applying CVar settings from Section [ViewDistanceQuality@3] File [Z:/Game Dev/Github Repos/The_Tailor_Game/Saved/Config/Windows/Scalability.ini]
[2020.09.26-17.38.39:782][  0]LogConfig: Setting CVar [[r.SkeletalMeshLODBias:0]]
[2020.09.26-17.38.39:782][  0]LogConfig: Setting CVar [[r.ViewDistanceScale:1.0]]
[2020.09.26-17.38.39:782][  0]LogConfig: Applying CVar settings from Section [AntiAliasingQuality@3] File [Z:/Game Dev/Github Repos/The_Tailor_Game/Saved/Config/Windows/Scalability.ini]
[2020.09.26-17.38.39:782][  0]LogConfig: Setting CVar [[r.PostProcessAAQuality:4]]
[2020.09.26-17.38.39:782][  0]LogConfig: Applying CVar settings from Section [ShadowQuality@3] File [Z:/Game Dev/Github Repos/The_Tailor_Game/Saved/Config/Windows/Scalability.ini]
[2020.09.26-17.38.39:782][  0]LogConfig: Setting CVar [[r.LightFunctionQuality:1]]
[2020.09.26-17.38.39:782][  0]LogConfig: Setting CVar [[r.ShadowQuality:5]]
[2020.09.26-17.38.39:782][  0]LogConfig: Setting CVar [[r.Shadow.CSM.MaxCascades:10]]
[2020.09.26-17.38.39:782][  0]LogConfig: Setting CVar [[r.Shadow.MaxResolution:2048]]
[2020.09.26-17.38.39:782][  0]LogConfig: Setting CVar [[r.Shadow.MaxCSMResolution:2048]]
[2020.09.26-17.38.39:782][  0]LogConfig: Setting CVar [[r.Shadow.RadiusThreshold:0.01]]
[2020.09.26-17.38.39:782][  0]LogConfig: Setting CVar [[r.Shadow.DistanceScale:1.0]]
[2020.09.26-17.38.39:782][  0]LogConfig: Setting CVar [[r.Shadow.CSM.TransitionScale:1.0]]
[2020.09.26-17.38.39:782][  0]LogConfig: Setting CVar [[r.Shadow.PreShadowResolutionFactor:1.0]]
[2020.09.26-17.38.39:782][  0]LogConfig: Setting CVar [[r.DistanceFieldShadowing:1]]
[2020.09.26-17.38.39:782][  0]LogConfig: Setting CVar [[r.DistanceFieldAO:1]]
[2020.09.26-17.38.39:782][  0]LogConfig: Setting CVar [[r.AOQuality:2]]
[2020.09.26-17.38.39:783][  0]LogConfig: Setting CVar [[r.VolumetricFog:1]]
[2020.09.26-17.38.39:783][  0]LogConfig: Setting CVar [[r.VolumetricFog.GridPixelSize:8]]
[2020.09.26-17.38.39:783][  0]LogConfig: Setting CVar [[r.VolumetricFog.GridSizeZ:128]]
[2020.09.26-17.38.39:783][  0]LogConfig: Setting CVar [[r.VolumetricFog.HistoryMissSupersampleCount:4]]
[2020.09.26-17.38.39:783][  0]LogConfig: Setting CVar [[r.LightMaxDrawDistanceScale:1]]
[2020.09.26-17.38.39:783][  0]LogConfig: Setting CVar [[r.CapsuleShadows:1]]
[2020.09.26-17.38.39:783][  0]LogConfig: Applying CVar settings from Section [PostProcessQuality@3] File [Z:/Game Dev/Github Repos/The_Tailor_Game/Saved/Config/Windows/Scalability.ini]
[2020.09.26-17.38.39:783][  0]LogConfig: Setting CVar [[r.MotionBlurQuality:4]]
[2020.09.26-17.38.39:783][  0]LogConfig: Setting CVar [[r.AmbientOcclusionMipLevelFactor:0.4]]
[2020.09.26-17.38.39:783][  0]LogConfig: Setting CVar [[r.AmbientOcclusionMaxQuality:100]]
[2020.09.26-17.38.39:783][  0]LogConfig: Setting CVar [[r.AmbientOcclusionLevels:-1]]
[2020.09.26-17.38.39:783][  0]LogConfig: Setting CVar [[r.AmbientOcclusionRadiusScale:1.0]]
[2020.09.26-17.38.39:783][  0]LogConfig: Setting CVar [[r.DepthOfFieldQuality:2]]
[2020.09.26-17.38.39:783][  0]LogConfig: Setting CVar [[r.RenderTargetPoolMin:400]]
[2020.09.26-17.38.39:783][  0]LogConfig: Setting CVar [[r.LensFlareQuality:2]]
[2020.09.26-17.38.39:783][  0]LogConfig: Setting CVar [[r.SceneColorFringeQuality:1]]
[2020.09.26-17.38.39:783][  0]LogConfig: Setting CVar [[r.EyeAdaptationQuality:2]]
[2020.09.26-17.38.39:783][  0]LogConfig: Setting CVar [[r.BloomQuality:5]]
[2020.09.26-17.38.39:783][  0]LogConfig: Setting CVar [[r.FastBlurThreshold:100]]
[2020.09.26-17.38.39:783][  0]LogConfig: Setting CVar [[r.Upscale.Quality:3]]
[2020.09.26-17.38.39:783][  0]LogConfig: Setting CVar [[r.Tonemapper.GrainQuantization:1]]
[2020.09.26-17.38.39:783][  0]LogConfig: Setting CVar [[r.LightShaftQuality:1]]
[2020.09.26-17.38.39:783][  0]LogConfig: Setting CVar [[r.Filter.SizeScale:1]]
[2020.09.26-17.38.39:783][  0]LogConfig: Setting CVar [[r.Tonemapper.Quality:5]]
[2020.09.26-17.38.39:783][  0]LogConfig: Setting CVar [[r.DOF.Gather.AccumulatorQuality:1        ; higher gathering accumulator quality]]
[2020.09.26-17.38.39:783][  0]LogConfig: Setting CVar [[r.DOF.Gather.PostfilterMethod:1          ; Median3x3 postfilering method]]
[2020.09.26-17.38.39:783][  0]LogConfig: Setting CVar [[r.DOF.Gather.EnableBokehSettings:0       ; no bokeh simulation when gathering]]
[2020.09.26-17.38.39:783][  0]LogConfig: Setting CVar [[r.DOF.Gather.RingCount:4                 ; medium number of samples when gathering]]
[2020.09.26-17.38.39:783][  0]LogConfig: Setting CVar [[r.DOF.Scatter.ForegroundCompositing:1    ; additive foreground scattering]]
[2020.09.26-17.38.39:783][  0]LogConfig: Setting CVar [[r.DOF.Scatter.BackgroundCompositing:2    ; additive background scattering]]
[2020.09.26-17.38.39:783][  0]LogConfig: Setting CVar [[r.DOF.Scatter.EnableBokehSettings:1      ; bokeh simulation when scattering]]
[2020.09.26-17.38.39:783][  0]LogConfig: Setting CVar [[r.DOF.Scatter.MaxSpriteRatio:0.1         ; only a maximum of 10% of scattered bokeh]]
[2020.09.26-17.38.39:783][  0]LogConfig: Setting CVar [[r.DOF.Recombine.Quality:1                ; cheap slight out of focus]]
[2020.09.26-17.38.39:783][  0]LogConfig: Setting CVar [[r.DOF.Recombine.EnableBokehSettings:0    ; no bokeh simulation on slight out of focus]]
[2020.09.26-17.38.39:783][  0]LogConfig: Setting CVar [[r.DOF.TemporalAAQuality:1                ; more stable temporal accumulation]]
[2020.09.26-17.38.39:783][  0]LogConfig: Setting CVar [[r.DOF.Kernel.MaxForegroundRadius:0.025]]
[2020.09.26-17.38.39:783][  0]LogConfig: Setting CVar [[r.DOF.Kernel.MaxBackgroundRadius:0.025]]
[2020.09.26-17.38.39:783][  0]LogConfig: Applying CVar settings from Section [TextureQuality@3] File [Z:/Game Dev/Github Repos/The_Tailor_Game/Saved/Config/Windows/Scalability.ini]
[2020.09.26-17.38.39:783][  0]LogConfig: Setting CVar [[r.Streaming.MipBias:0]]
[2020.09.26-17.38.39:783][  0]LogConfig: Setting CVar [[r.Streaming.AmortizeCPUToGPUCopy:0]]
[2020.09.26-17.38.39:783][  0]LogConfig: Setting CVar [[r.Streaming.MaxNumTexturesToStreamPerFrame:0]]
[2020.09.26-17.38.39:783][  0]LogConfig: Setting CVar [[r.Streaming.Boost:1]]
[2020.09.26-17.38.39:783][  0]LogConfig: Setting CVar [[r.MaxAnisotropy:8]]
[2020.09.26-17.38.39:783][  0]LogConfig: Setting CVar [[r.VT.MaxAnisotropy:8]]
[2020.09.26-17.38.39:783][  0]LogConfig: Setting CVar [[r.Streaming.LimitPoolSizeToVRAM:0]]
[2020.09.26-17.38.39:783][  0]LogConfig: Setting CVar [[r.Streaming.PoolSize:1000]]
[2020.09.26-17.38.39:783][  0]LogConfig: Setting CVar [[r.Streaming.MaxEffectiveScreenSize:0]]
[2020.09.26-17.38.39:783][  0]LogConfig: Applying CVar settings from Section [EffectsQuality@3] File [Z:/Game Dev/Github Repos/The_Tailor_Game/Saved/Config/Windows/Scalability.ini]
[2020.09.26-17.38.39:783][  0]LogConfig: Setting CVar [[r.TranslucencyLightingVolumeDim:64]]
[2020.09.26-17.38.39:783][  0]LogConfig: Setting CVar [[r.RefractionQuality:2]]
[2020.09.26-17.38.39:783][  0]LogConfig: Setting CVar [[r.SSR.Quality:3]]
[2020.09.26-17.38.39:783][  0]LogConfig: Setting CVar [[r.SSR.HalfResSceneColor:0]]
[2020.09.26-17.38.39:783][  0]LogConfig: Setting CVar [[r.SceneColorFormat:4]]
[2020.09.26-17.38.39:783][  0]LogConfig: Setting CVar [[r.DetailMode:2]]
[2020.09.26-17.38.39:783][  0]LogConfig: Setting CVar [[r.TranslucencyVolumeBlur:1]]
[2020.09.26-17.38.39:783][  0]LogConfig: Setting CVar [[r.MaterialQualityLevel:1 ; High quality]]
[2020.09.26-17.38.39:783][  0]LogConfig: Setting CVar [[r.SSS.Scale:1]]
[2020.09.26-17.38.39:783][  0]LogConfig: Setting CVar [[r.SSS.SampleSet:2]]
[2020.09.26-17.38.39:783][  0]LogConfig: Setting CVar [[r.SSS.Quality:1]]
[2020.09.26-17.38.39:783][  0]LogConfig: Setting CVar [[r.SSS.HalfRes:0]]
[2020.09.26-17.38.39:783][  0]LogConfig: Setting CVar [[r.SSGI.Quality:3]]
[2020.09.26-17.38.39:783][  0]LogConfig: Setting CVar [[r.EmitterSpawnRateScale:1.0]]
[2020.09.26-17.38.39:783][  0]LogConfig: Setting CVar [[r.ParticleLightQuality:2]]
[2020.09.26-17.38.39:783][  0]LogConfig: Setting CVar [[r.SkyAtmosphere.AerialPerspectiveLUT.FastApplyOnOpaque:1 ; Always have FastSkyLUT 1 in this case to avoid wrong sky]]
[2020.09.26-17.38.39:783][  0]LogConfig: Setting CVar [[r.SkyAtmosphere.AerialPerspectiveLUT.SampleCountPerSlice:1]]
[2020.09.26-17.38.39:783][  0]LogConfig: Setting CVar [[r.SkyAtmosphere.AerialPerspectiveLUT.DepthResolution:16.0]]
[2020.09.26-17.38.39:783][  0]LogConfig: Setting CVar [[r.SkyAtmosphere.FastSkyLUT:1]]
[2020.09.26-17.38.39:783][  0]LogConfig: Setting CVar [[r.SkyAtmosphere.FastSkyLUT.SampleCountMin:4.0]]
[2020.09.26-17.38.39:783][  0]LogConfig: Setting CVar [[r.SkyAtmosphere.FastSkyLUT.SampleCountMax:32.0]]
[2020.09.26-17.38.39:783][  0]LogConfig: Setting CVar [[r.SkyAtmosphere.SampleCountMin:4.0]]
[2020.09.26-17.38.39:783][  0]LogConfig: Setting CVar [[r.SkyAtmosphere.SampleCountMax:32.0]]
[2020.09.26-17.38.39:783][  0]LogConfig: Setting CVar [[r.SkyAtmosphere.TransmittanceLUT.UseSmallFormat:0]]
[2020.09.26-17.38.39:783][  0]LogConfig: Setting CVar [[r.SkyAtmosphere.TransmittanceLUT.SampleCount:10.0]]
[2020.09.26-17.38.39:783][  0]LogConfig: Setting CVar [[r.SkyAtmosphere.MultiScatteringLUT.SampleCount:15.0]]
[2020.09.26-17.38.39:783][  0]LogConfig: Applying CVar settings from Section [FoliageQuality@3] File [Z:/Game Dev/Github Repos/The_Tailor_Game/Saved/Config/Windows/Scalability.ini]
[2020.09.26-17.38.39:783][  0]LogConfig: Setting CVar [[foliage.DensityScale:1.0]]
[2020.09.26-17.38.39:783][  0]LogConfig: Setting CVar [[grass.DensityScale:1.0]]
[2020.09.26-17.38.39:783][  0]LogConfig: Applying CVar settings from Section [ShadingQuality@3] File [Z:/Game Dev/Github Repos/The_Tailor_Game/Saved/Config/Windows/Scalability.ini]
[2020.09.26-17.38.39:783][  0]LogConfig: Setting CVar [[r.HairStrands.SkyLighting.SampleCount:16]]
[2020.09.26-17.38.39:783][  0]LogConfig: Setting CVar [[r.HairStrands.SkyLighting.JitterIntegration:0]]
[2020.09.26-17.38.39:783][  0]LogConfig: Setting CVar [[r.HairStrands.SkyAO.SampleCount:16]]
[2020.09.26-17.38.39:783][  0]LogConfig: Setting CVar [[r.HairStrands.DeepShadow.SuperSampling:0]]
[2020.09.26-17.38.39:783][  0]LogConfig: Setting CVar [[r.HairStrands.VisibilityPPLL:0]]
[2020.09.26-17.38.39:783][  0]LogConfig: Setting CVar [[r.HairStrands.RasterizationScale:0.5]]
[2020.09.26-17.38.39:784][  0]LogConfig: Setting CVar [[r.HairStrands.VelocityRasterizationScale:1]]
[2020.09.26-17.38.39:784][  0]LogInit: Selected Device Profile: [Windows]
[2020.09.26-17.38.39:784][  0]LogInit: Applying CVar settings loaded from the selected device profile: [Windows]
[2020.09.26-17.38.39:784][  0]LogHAL: Display: Platform has ~ 16 GB [17106718720 / 17179869184 / 16], which maps to Larger [LargestMinGB=32, LargerMinGB=12, DefaultMinGB=8, SmallerMinGB=6, SmallestMinGB=0)
[2020.09.26-17.38.39:784][  0]LogInit: Going up to parent DeviceProfile []
[2020.09.26-17.38.39:784][  0]LogConfig: Applying CVar settings from Section [ViewDistanceQuality@3] File [Z:/Game Dev/Github Repos/The_Tailor_Game/Saved/Config/Windows/Scalability.ini]
[2020.09.26-17.38.39:784][  0]LogConfig: Setting CVar [[r.SkeletalMeshLODBias:0]]
[2020.09.26-17.38.39:784][  0]LogConfig: Setting CVar [[r.ViewDistanceScale:1.0]]
[2020.09.26-17.38.39:784][  0]LogConfig: Applying CVar settings from Section [AntiAliasingQuality@3] File [Z:/Game Dev/Github Repos/The_Tailor_Game/Saved/Config/Windows/Scalability.ini]
[2020.09.26-17.38.39:784][  0]LogConfig: Setting CVar [[r.PostProcessAAQuality:4]]
[2020.09.26-17.38.39:784][  0]LogConfig: Applying CVar settings from Section [ShadowQuality@3] File [Z:/Game Dev/Github Repos/The_Tailor_Game/Saved/Config/Windows/Scalability.ini]
[2020.09.26-17.38.39:784][  0]LogConfig: Setting CVar [[r.LightFunctionQuality:1]]
[2020.09.26-17.38.39:784][  0]LogConfig: Setting CVar [[r.ShadowQuality:5]]
[2020.09.26-17.38.39:784][  0]LogConfig: Setting CVar [[r.Shadow.CSM.MaxCascades:10]]
[2020.09.26-17.38.39:784][  0]LogConfig: Setting CVar [[r.Shadow.MaxResolution:2048]]
[2020.09.26-17.38.39:784][  0]LogConfig: Setting CVar [[r.Shadow.MaxCSMResolution:2048]]
[2020.09.26-17.38.39:784][  0]LogConfig: Setting CVar [[r.Shadow.RadiusThreshold:0.01]]
[2020.09.26-17.38.39:784][  0]LogConfig: Setting CVar [[r.Shadow.DistanceScale:1.0]]
[2020.09.26-17.38.39:784][  0]LogConfig: Setting CVar [[r.Shadow.CSM.TransitionScale:1.0]]
[2020.09.26-17.38.39:784][  0]LogConfig: Setting CVar [[r.Shadow.PreShadowResolutionFactor:1.0]]
[2020.09.26-17.38.39:784][  0]LogConfig: Setting CVar [[r.DistanceFieldShadowing:1]]
[2020.09.26-17.38.39:784][  0]LogConfig: Setting CVar [[r.DistanceFieldAO:1]]
[2020.09.26-17.38.39:784][  0]LogConfig: Setting CVar [[r.AOQuality:2]]
[2020.09.26-17.38.39:784][  0]LogConfig: Setting CVar [[r.VolumetricFog:1]]
[2020.09.26-17.38.39:784][  0]LogConfig: Setting CVar [[r.VolumetricFog.GridPixelSize:8]]
[2020.09.26-17.38.39:784][  0]LogConfig: Setting CVar [[r.VolumetricFog.GridSizeZ:128]]
[2020.09.26-17.38.39:784][  0]LogConfig: Setting CVar [[r.VolumetricFog.HistoryMissSupersampleCount:4]]
[2020.09.26-17.38.39:784][  0]LogConfig: Setting CVar [[r.LightMaxDrawDistanceScale:1]]
[2020.09.26-17.38.39:784][  0]LogConfig: Setting CVar [[r.CapsuleShadows:1]]
[2020.09.26-17.38.39:784][  0]LogConfig: Applying CVar settings from Section [PostProcessQuality@3] File [Z:/Game Dev/Github Repos/The_Tailor_Game/Saved/Config/Windows/Scalability.ini]
[2020.09.26-17.38.39:784][  0]LogConfig: Setting CVar [[r.MotionBlurQuality:4]]
[2020.09.26-17.38.39:784][  0]LogConfig: Setting CVar [[r.AmbientOcclusionMipLevelFactor:0.4]]
[2020.09.26-17.38.39:784][  0]LogConfig: Setting CVar [[r.AmbientOcclusionMaxQuality:100]]
[2020.09.26-17.38.39:784][  0]LogConfig: Setting CVar [[r.AmbientOcclusionLevels:-1]]
[2020.09.26-17.38.39:784][  0]LogConfig: Setting CVar [[r.AmbientOcclusionRadiusScale:1.0]]
[2020.09.26-17.38.39:784][  0]LogConfig: Setting CVar [[r.DepthOfFieldQuality:2]]
[2020.09.26-17.38.39:784][  0]LogConfig: Setting CVar [[r.RenderTargetPoolMin:400]]
[2020.09.26-17.38.39:784][  0]LogConfig: Setting CVar [[r.LensFlareQuality:2]]
[2020.09.26-17.38.39:784][  0]LogConfig: Setting CVar [[r.SceneColorFringeQuality:1]]
[2020.09.26-17.38.39:784][  0]LogConfig: Setting CVar [[r.EyeAdaptationQuality:2]]
[2020.09.26-17.38.39:784][  0]LogConfig: Setting CVar [[r.BloomQuality:5]]
[2020.09.26-17.38.39:784][  0]LogConfig: Setting CVar [[r.FastBlurThreshold:100]]
[2020.09.26-17.38.39:784][  0]LogConfig: Setting CVar [[r.Upscale.Quality:3]]
[2020.09.26-17.38.39:784][  0]LogConfig: Setting CVar [[r.Tonemapper.GrainQuantization:1]]
[2020.09.26-17.38.39:784][  0]LogConfig: Setting CVar [[r.LightShaftQuality:1]]
[2020.09.26-17.38.39:784][  0]LogConfig: Setting CVar [[r.Filter.SizeScale:1]]
[2020.09.26-17.38.39:784][  0]LogConfig: Setting CVar [[r.Tonemapper.Quality:5]]
[2020.09.26-17.38.39:784][  0]LogConfig: Setting CVar [[r.DOF.Gather.AccumulatorQuality:1        ; higher gathering accumulator quality]]
[2020.09.26-17.38.39:784][  0]LogConfig: Setting CVar [[r.DOF.Gather.PostfilterMethod:1          ; Median3x3 postfilering method]]
[2020.09.26-17.38.39:784][  0]LogConfig: Setting CVar [[r.DOF.Gather.EnableBokehSettings:0       ; no bokeh simulation when gathering]]
[2020.09.26-17.38.39:784][  0]LogConfig: Setting CVar [[r.DOF.Gather.RingCount:4                 ; medium number of samples when gathering]]
[2020.09.26-17.38.39:784][  0]LogConfig: Setting CVar [[r.DOF.Scatter.ForegroundCompositing:1    ; additive foreground scattering]]
[2020.09.26-17.38.39:784][  0]LogConfig: Setting CVar [[r.DOF.Scatter.BackgroundCompositing:2    ; additive background scattering]]
[2020.09.26-17.38.39:784][  0]LogConfig: Setting CVar [[r.DOF.Scatter.EnableBokehSettings:1      ; bokeh simulation when scattering]]
[2020.09.26-17.38.39:784][  0]LogConfig: Setting CVar [[r.DOF.Scatter.MaxSpriteRatio:0.1         ; only a maximum of 10% of scattered bokeh]]
[2020.09.26-17.38.39:784][  0]LogConfig: Setting CVar [[r.DOF.Recombine.Quality:1                ; cheap slight out of focus]]
[2020.09.26-17.38.39:784][  0]LogConfig: Setting CVar [[r.DOF.Recombine.EnableBokehSettings:0    ; no bokeh simulation on slight out of focus]]
[2020.09.26-17.38.39:784][  0]LogConfig: Setting CVar [[r.DOF.TemporalAAQuality:1                ; more stable temporal accumulation]]
[2020.09.26-17.38.39:784][  0]LogConfig: Setting CVar [[r.DOF.Kernel.MaxForegroundRadius:0.025]]
[2020.09.26-17.38.39:784][  0]LogConfig: Setting CVar [[r.DOF.Kernel.MaxBackgroundRadius:0.025]]
[2020.09.26-17.38.39:784][  0]LogConfig: Applying CVar settings from Section [TextureQuality@3] File [Z:/Game Dev/Github Repos/The_Tailor_Game/Saved/Config/Windows/Scalability.ini]
[2020.09.26-17.38.39:784][  0]LogConfig: Setting CVar [[r.Streaming.MipBias:0]]
[2020.09.26-17.38.39:784][  0]LogConfig: Setting CVar [[r.Streaming.AmortizeCPUToGPUCopy:0]]
[2020.09.26-17.38.39:784][  0]LogConfig: Setting CVar [[r.Streaming.MaxNumTexturesToStreamPerFrame:0]]
[2020.09.26-17.38.39:784][  0]LogConfig: Setting CVar [[r.Streaming.Boost:1]]
[2020.09.26-17.38.39:784][  0]LogConfig: Setting CVar [[r.MaxAnisotropy:8]]
[2020.09.26-17.38.39:784][  0]LogConfig: Setting CVar [[r.VT.MaxAnisotropy:8]]
[2020.09.26-17.38.39:784][  0]LogConfig: Setting CVar [[r.Streaming.LimitPoolSizeToVRAM:0]]
[2020.09.26-17.38.39:784][  0]LogConfig: Setting CVar [[r.Streaming.PoolSize:1000]]
[2020.09.26-17.38.39:784][  0]LogConfig: Setting CVar [[r.Streaming.MaxEffectiveScreenSize:0]]
[2020.09.26-17.38.39:784][  0]LogConfig: Applying CVar settings from Section [EffectsQuality@3] File [Z:/Game Dev/Github Repos/The_Tailor_Game/Saved/Config/Windows/Scalability.ini]
[2020.09.26-17.38.39:784][  0]LogConfig: Setting CVar [[r.TranslucencyLightingVolumeDim:64]]
[2020.09.26-17.38.39:784][  0]LogConfig: Setting CVar [[r.RefractionQuality:2]]
[2020.09.26-17.38.39:784][  0]LogConfig: Setting CVar [[r.SSR.Quality:3]]
[2020.09.26-17.38.39:785][  0]LogConfig: Setting CVar [[r.SSR.HalfResSceneColor:0]]
[2020.09.26-17.38.39:785][  0]LogConfig: Setting CVar [[r.SceneColorFormat:4]]
[2020.09.26-17.38.39:785][  0]LogConfig: Setting CVar [[r.DetailMode:2]]
[2020.09.26-17.38.39:785][  0]LogConfig: Setting CVar [[r.TranslucencyVolumeBlur:1]]
[2020.09.26-17.38.39:785][  0]LogConfig: Setting CVar [[r.MaterialQualityLevel:1 ; High quality]]
[2020.09.26-17.38.39:785][  0]LogConfig: Setting CVar [[r.SSS.Scale:1]]
[2020.09.26-17.38.39:785][  0]LogConfig: Setting CVar [[r.SSS.SampleSet:2]]
[2020.09.26-17.38.39:785][  0]LogConfig: Setting CVar [[r.SSS.Quality:1]]
[2020.09.26-17.38.39:785][  0]LogConfig: Setting CVar [[r.SSS.HalfRes:0]]
[2020.09.26-17.38.39:785][  0]LogConfig: Setting CVar [[r.SSGI.Quality:3]]
[2020.09.26-17.38.39:785][  0]LogConfig: Setting CVar [[r.EmitterSpawnRateScale:1.0]]
[2020.09.26-17.38.39:785][  0]LogConfig: Setting CVar [[r.ParticleLightQuality:2]]
[2020.09.26-17.38.39:785][  0]LogConfig: Setting CVar [[r.SkyAtmosphere.AerialPerspectiveLUT.FastApplyOnOpaque:1 ; Always have FastSkyLUT 1 in this case to avoid wrong sky]]
[2020.09.26-17.38.39:785][  0]LogConfig: Setting CVar [[r.SkyAtmosphere.AerialPerspectiveLUT.SampleCountPerSlice:1]]
[2020.09.26-17.38.39:785][  0]LogConfig: Setting CVar [[r.SkyAtmosphere.AerialPerspectiveLUT.DepthResolution:16.0]]
[2020.09.26-17.38.39:785][  0]LogConfig: Setting CVar [[r.SkyAtmosphere.FastSkyLUT:1]]
[2020.09.26-17.38.39:785][  0]LogConfig: Setting CVar [[r.SkyAtmosphere.FastSkyLUT.SampleCountMin:4.0]]
[2020.09.26-17.38.39:785][  0]LogConfig: Setting CVar [[r.SkyAtmosphere.FastSkyLUT.SampleCountMax:32.0]]
[2020.09.26-17.38.39:785][  0]LogConfig: Setting CVar [[r.SkyAtmosphere.SampleCountMin:4.0]]
[2020.09.26-17.38.39:785][  0]LogConfig: Setting CVar [[r.SkyAtmosphere.SampleCountMax:32.0]]
[2020.09.26-17.38.39:785][  0]LogConfig: Setting CVar [[r.SkyAtmosphere.TransmittanceLUT.UseSmallFormat:0]]
[2020.09.26-17.38.39:785][  0]LogConfig: Setting CVar [[r.SkyAtmosphere.TransmittanceLUT.SampleCount:10.0]]
[2020.09.26-17.38.39:785][  0]LogConfig: Setting CVar [[r.SkyAtmosphere.MultiScatteringLUT.SampleCount:15.0]]
[2020.09.26-17.38.39:785][  0]LogConfig: Applying CVar settings from Section [FoliageQuality@3] File [Z:/Game Dev/Github Repos/The_Tailor_Game/Saved/Config/Windows/Scalability.ini]
[2020.09.26-17.38.39:785][  0]LogConfig: Setting CVar [[foliage.DensityScale:1.0]]
[2020.09.26-17.38.39:785][  0]LogConfig: Setting CVar [[grass.DensityScale:1.0]]
[2020.09.26-17.38.39:785][  0]LogConfig: Applying CVar settings from Section [ShadingQuality@3] File [Z:/Game Dev/Github Repos/The_Tailor_Game/Saved/Config/Windows/Scalability.ini]
[2020.09.26-17.38.39:785][  0]LogConfig: Setting CVar [[r.HairStrands.SkyLighting.SampleCount:16]]
[2020.09.26-17.38.39:785][  0]LogConfig: Setting CVar [[r.HairStrands.SkyLighting.JitterIntegration:0]]
[2020.09.26-17.38.39:785][  0]LogConfig: Setting CVar [[r.HairStrands.SkyAO.SampleCount:16]]
[2020.09.26-17.38.39:785][  0]LogConfig: Setting CVar [[r.HairStrands.DeepShadow.SuperSampling:0]]
[2020.09.26-17.38.39:785][  0]LogConfig: Setting CVar [[r.HairStrands.VisibilityPPLL:0]]
[2020.09.26-17.38.39:785][  0]LogConfig: Setting CVar [[r.HairStrands.RasterizationScale:0.5]]
[2020.09.26-17.38.39:785][  0]LogConfig: Setting CVar [[r.HairStrands.VelocityRasterizationScale:1]]
[2020.09.26-17.38.39:785][  0]LogConfig: Applying CVar settings from Section [Startup] File [../../../Engine/Config/ConsoleVariables.ini]
[2020.09.26-17.38.39:796][  0]LogConfig: Setting CVar [[net.UseAdaptiveNetUpdateFrequency:0]]
[2020.09.26-17.38.39:796][  0]LogConfig: Setting CVar [[p.chaos.AllowCreatePhysxBodies:1]]
[2020.09.26-17.38.39:796][  0]LogConfig: Setting CVar [[fx.SkipVectorVMBackendOptimizations:1]]
[2020.09.26-17.38.39:796][  0]LogConfig: Applying CVar settings from Section [ConsoleVariables] File [Z:/Game Dev/Github Repos/The_Tailor_Game/Saved/Config/Windows/Engine.ini]
[2020.09.26-17.38.39:796][  0]LogInit: Computer: DESKTOP-73SQNUA
[2020.09.26-17.38.39:796][  0]LogInit: User: Karasu
[2020.09.26-17.38.39:796][  0]LogInit: CPU Page size=4096, Cores=4
[2020.09.26-17.38.39:796][  0]LogInit: High frequency timer resolution =10.000000 MHz
[2020.09.26-17.38.39:796][  0]LogMemory: Memory total: Physical=15.9GB (16GB approx)
[2020.09.26-17.38.39:796][  0]LogMemory: Platform Memory Stats for Windows
[2020.09.26-17.38.39:796][  0]LogMemory: Process Physical Memory: 113.87 MB used, 113.87 MB peak
[2020.09.26-17.38.39:796][  0]LogMemory: Process Virtual Memory: 96.11 MB used, 96.11 MB peak
[2020.09.26-17.38.39:796][  0]LogMemory: Physical Memory: 6052.11 MB used,  10262.13 MB free, 16314.24 MB total
[2020.09.26-17.38.39:796][  0]LogMemory: Virtual Memory: 5143.14 MB used,  134212584.00 MB free, 134217728.00 MB total
[2020.09.26-17.38.39:800][  0]LogWindows: WindowsPlatformFeatures enabled
[2020.09.26-17.38.40:128][  0]LogInit: Physics initialised using underlying interface: PhysX
[2020.09.26-17.38.40:141][  0]LogInit: Using OS detected language (en-US).
[2020.09.26-17.38.40:141][  0]LogInit: Using OS detected locale (en-US).
[2020.09.26-17.38.40:142][  0]LogTextLocalizationManager: No specific localization for 'en-US' exists, so the 'en' localization will be used.
[2020.09.26-17.38.40:646][  0]LogInit: Setting process to per monitor DPI aware
[2020.09.26-17.38.40:929][  0]LogSlate: New Slate User Created.  User Index 0, Is Virtual User: 0
[2020.09.26-17.38.40:929][  0]LogSlate: Slate User Registered.  User Index 0, Is Virtual User: 0
[2020.09.26-17.38.44:012][  0]LogD3D12RHI: Aftermath initialized
[2020.09.26-17.38.44:012][  0]LogD3D12RHI: Loading WinPixEventRuntime.dll for PIX profiling (from ../../../Engine/Binaries/ThirdParty/Windows/WinPixEventRuntime/x64).
[2020.09.26-17.38.44:031][  0]LogHMD: Failed to initialize OpenVR with code 110
[2020.09.26-17.38.44:164][  0]LogD3D12RHI: Found D3D12 adapter 0: NVIDIA GeForce GTX 1080 Ti (Max supported Feature Level 12_1)
[2020.09.26-17.38.44:164][  0]LogD3D12RHI: Adapter has 11127MB of dedicated video memory, 0MB of dedicated system memory, and 8157MB of shared system memory, 2 output[s]
[2020.09.26-17.38.44:187][  0]LogD3D12RHI: Found D3D12 adapter 1: Microsoft Basic Render Driver (Max supported Feature Level 12_1)
[2020.09.26-17.38.44:187][  0]LogD3D12RHI: Adapter has 0MB of dedicated video memory, 0MB of dedicated system memory, and 8157MB of shared system memory, 0 output[s]
[2020.09.26-17.38.44:198][  0]LogD3D12RHI: Found D3D12 adapter 2: Microsoft Basic Render Driver (Max supported Feature Level 12_1)
[2020.09.26-17.38.44:198][  0]LogD3D12RHI: Adapter has 0MB of dedicated video memory, 0MB of dedicated system memory, and 8157MB of shared system memory, 0 output[s]
[2020.09.26-17.38.44:198][  0]LogD3D12RHI: Forcing D3D12.AsyncDeferredDeletion=0 as a workaround for a deadlock.
[2020.09.26-17.38.44:198][  0]LogD3D12RHI: Chosen D3D12 Adapter Id = 0
[2020.09.26-17.38.44:204][  0]LogD3D12RHI: Emitting draw events for PIX profiling.
[2020.09.26-17.38.44:266][  0]LogD3D12RHI: D3D12 ray tracing enabled.
[2020.09.26-17.38.44:266][  0]LogD3D12RHI: The system supports ID3D12Device1.
[2020.09.26-17.38.44:266][  0]LogD3D12RHI: The system supports ID3D12Device2.
[2020.09.26-17.38.44:333][  0]LogD3D12RHI: [GPUBreadCrumb] Successfully setup breadcrumb resource for 3D Queue 0
[2020.09.26-17.38.44:339][  0]LogD3D12RHI: [GPUBreadCrumb] Successfully setup breadcrumb resource for Copy Queue 0
[2020.09.26-17.38.44:351][  0]LogD3D12RHI: [GPUBreadCrumb] Successfully setup breadcrumb resource for Compute Queue 0
[2020.09.26-17.38.44:356][  0]LogD3D12RHI: Display: Not using pipeline state disk cache per r.D3D12.PSO.DiskCache=0
[2020.09.26-17.38.44:356][  0]LogD3D12RHI: Display: Not using driver-optimized pipeline state disk cache per r.D3D12.PSO.DriverOptimizedDiskCache=0
[2020.09.26-17.38.44:357][  0]LogD3D12RHI:     GPU DeviceId: 0x1b06 (for the marketing name, search the web for "GPU Device Id")
[2020.09.26-17.38.44:357][  0]LogWindows: EnumDisplayDevices:
[2020.09.26-17.38.44:357][  0]LogWindows:    0. 'NVIDIA GeForce GTX 1080 Ti' (P:1 D:1)
[2020.09.26-17.38.44:357][  0]LogWindows:    1. 'NVIDIA GeForce GTX 1080 Ti' (P:0 D:1)
[2020.09.26-17.38.44:357][  0]LogWindows:    2. 'NVIDIA GeForce GTX 1080 Ti' (P:0 D:0)
[2020.09.26-17.38.44:357][  0]LogWindows:    3. 'NVIDIA GeForce GTX 1080 Ti' (P:0 D:0)
[2020.09.26-17.38.44:358][  0]LogWindows:    4. 'spacedesk Graphics Adapter' (P:0 D:0)
[2020.09.26-17.38.44:358][  0]LogWindows:    5. 'spacedesk Graphics Adapter' (P:0 D:0)
[2020.09.26-17.38.44:358][  0]LogWindows:    6. 'spacedesk Graphics Adapter' (P:0 D:0)
[2020.09.26-17.38.44:358][  0]LogWindows:    7. 'spacedesk Graphics Adapter' (P:0 D:0)
[2020.09.26-17.38.44:358][  0]LogWindows:    8. 'spacedesk Graphics Adapter' (P:0 D:0)
[2020.09.26-17.38.44:358][  0]LogWindows:    9. 'spacedesk Graphics Adapter' (P:0 D:0)
[2020.09.26-17.38.44:359][  0]LogWindows:    10. 'spacedesk Graphics Adapter' (P:0 D:0)
[2020.09.26-17.38.44:359][  0]LogWindows:    11. 'spacedesk Graphics Adapter' (P:0 D:0)
[2020.09.26-17.38.44:359][  0]LogWindows:    12. 'spacedesk Graphics Adapter' (P:0 D:0)
[2020.09.26-17.38.44:359][  0]LogWindows:    13. 'spacedesk Graphics Adapter' (P:0 D:0)
[2020.09.26-17.38.44:359][  0]LogWindows:    14. 'spacedesk Graphics Adapter' (P:0 D:0)
[2020.09.26-17.38.44:360][  0]LogWindows:    15. 'spacedesk Graphics Adapter' (P:0 D:0)
[2020.09.26-17.38.44:360][  0]LogWindows:    16. 'spacedesk Graphics Adapter' (P:0 D:0)
[2020.09.26-17.38.44:360][  0]LogWindows:    17. 'spacedesk Graphics Adapter' (P:0 D:0)
[2020.09.26-17.38.44:360][  0]LogWindows:    18. 'spacedesk Graphics Adapter' (P:0 D:0)
[2020.09.26-17.38.44:360][  0]LogWindows:    19. 'spacedesk Graphics Adapter' (P:0 D:0)
[2020.09.26-17.38.44:360][  0]LogWindows: DebugString: GetVideoDriverDetailsInvalid PrimaryIsNotTheChoosenAdapter GetVideoDriverDetailsInvalid PrimaryIsNotTheChoosenAdapter GetVideoDriverDetailsInvalid PrimaryIsNotTheChoosenAdapter GetVideoDriverDetailsInvalid PrimaryIsNotTheChoosenAdapter GetVideoDriverDetailsInvalid PrimaryIsNotTheChoosenAdapter GetVideoDriverDetailsInvalid PrimaryIsNotTheChoosenAdapter GetVideoDriverDetailsInvalid PrimaryIsNotTheChoosenAdapter GetVideoDriverDetailsInvalid PrimaryIsNotTheChoosenAdapter GetVideoDriverDetailsInvalid PrimaryIsNotTheChoosenAdapter GetVideoDriverDetailsInvalid PrimaryIsNotTheChoosenAdapter GetVideoDriverDetailsInvalid PrimaryIsNotTheChoosenAdapter GetVideoDriverDetailsInvalid PrimaryIsNotTheChoosenAdapter GetVideoDriverDetailsInvalid PrimaryIsNotTheChoosenAdapter GetVideoDriverDetailsInvalid PrimaryIsNotTheChoosenAdapter GetVideoDriverDetailsInvalid PrimaryIsNotTheChoosenAdapter GetVideoDriverDetailsInvalid PrimaryIsNotTheChoosenAdapter FoundDriverCount:4 
[2020.09.26-17.38.44:360][  0]LogD3D12RHI:     Adapter Name: NVIDIA GeForce GTX 1080 Ti
[2020.09.26-17.38.44:360][  0]LogD3D12RHI:   Driver Version: 452.06 (internal:27.21.14.5206, unified:452.06)
[2020.09.26-17.38.44:360][  0]LogD3D12RHI:      Driver Date: 8-12-2020
[2020.09.26-17.38.44:360][  0]LogRHI: Texture pool is 5958 MB (70% of 8512 MB)
[2020.09.26-17.38.44:360][  0]LogD3D12RHI: Async texture creation enabled
[2020.09.26-17.38.44:360][  0]LogD3D12RHI: RHI has support for 64 bit atomics
[2020.09.26-17.38.44:791][  0]LogTargetPlatformManager: Display: Loaded TargetPlatform 'AllDesktop'
[2020.09.26-17.38.44:816][  0]LogTargetPlatformManager: Display: Loaded TargetPlatform 'Android'
[2020.09.26-17.38.44:816][  0]LogTargetPlatformManager: Display: Loaded TargetPlatform 'Android_ASTC'
[2020.09.26-17.38.44:816][  0]LogTargetPlatformManager: Display: Loaded TargetPlatform 'Android_DXT'
[2020.09.26-17.38.44:816][  0]LogTargetPlatformManager: Display: Loaded TargetPlatform 'Android_ETC2'
[2020.09.26-17.38.44:816][  0]LogTargetPlatformManager: Display: Loaded TargetPlatform 'AndroidClient'
[2020.09.26-17.38.44:816][  0]LogTargetPlatformManager: Display: Loaded TargetPlatform 'Android_ASTCClient'
[2020.09.26-17.38.44:816][  0]LogTargetPlatformManager: Display: Loaded TargetPlatform 'Android_DXTClient'
[2020.09.26-17.38.44:816][  0]LogTargetPlatformManager: Display: Loaded TargetPlatform 'Android_ETC2Client'
[2020.09.26-17.38.44:816][  0]LogTargetPlatformManager: Display: Loaded TargetPlatform 'Android_Multi'
[2020.09.26-17.38.44:816][  0]LogTargetPlatformManager: Display: Loaded TargetPlatform 'Android_MultiClient'
[2020.09.26-17.38.44:888][  0]LogTargetPlatformManager: Display: Loaded TargetPlatform 'IOSClient'
[2020.09.26-17.38.44:888][  0]LogTargetPlatformManager: Display: Loaded TargetPlatform 'IOS'
[2020.09.26-17.38.44:911][  0]LogTargetPlatformManager: Display: Loaded TargetPlatform 'Linux'
[2020.09.26-17.38.44:937][  0]LogTargetPlatformManager: Display: Loaded TargetPlatform 'LinuxNoEditor'
[2020.09.26-17.38.44:994][  0]LogTargetPlatformManager: Display: Loaded TargetPlatform 'LinuxClient'
[2020.09.26-17.38.45:015][  0]LogTargetPlatformManager: Display: Loaded TargetPlatform 'LinuxServer'
[2020.09.26-17.38.45:032][  0]LogTargetPlatformManager: Display: Loaded TargetPlatform 'LinuxAArch64NoEditor'
[2020.09.26-17.38.45:051][  0]LogTargetPlatformManager: Display: Loaded TargetPlatform 'LinuxAArch64Client'
[2020.09.26-17.38.45:068][  0]LogTargetPlatformManager: Display: Loaded TargetPlatform 'LinuxAArch64Server'
[2020.09.26-17.38.45:095][  0]LogTargetPlatformManager: Display: Loaded TargetPlatform 'Lumin'
[2020.09.26-17.38.45:095][  0]LogTargetPlatformManager: Display: Loaded TargetPlatform 'LuminClient'
[2020.09.26-17.38.45:116][  0]LogTargetPlatformManager: Display: Loaded TargetPlatform 'TVOSClient'
[2020.09.26-17.38.45:116][  0]LogTargetPlatformManager: Display: Loaded TargetPlatform 'TVOS'
[2020.09.26-17.38.45:130][  0]LogTargetPlatformManager: Display: Loaded TargetPlatform 'WindowsNoEditor'
[2020.09.26-17.38.45:145][  0]LogTargetPlatformManager: Display: Loaded TargetPlatform 'Windows'
[2020.09.26-17.38.45:169][  0]LogTargetPlatformManager: Display: Loaded TargetPlatform 'WindowsClient'
[2020.09.26-17.38.45:183][  0]LogTargetPlatformManager: Display: Loaded TargetPlatform 'WindowsServer'
[2020.09.26-17.38.45:183][  0]LogTargetPlatformManager: Display: Building Assets For Windows
[2020.09.26-17.38.45:277][  0]LogAudioDebug: Display: Lib vorbis DLL was dynamically loaded.
[2020.09.26-17.38.45:645][  0]LogShaderCompilers: Guid format shader working directory is 7 characters bigger than the processId version (../../../../Github Repos/The_Tailor_Game/Intermediate/Shaders/WorkingDirectory/6172/).
[2020.09.26-17.38.45:646][  0]LogShaderCompilers: Cleaned the shader compiler working directory 'C:/Users/Karasu/AppData/Local/Temp/UnrealShaderWorkingDir/A3018F6D423246B8CF02908B88A621A8/'.
[2020.09.26-17.38.45:658][  0]LogXGEController: Cleaning working directory: C:/Users/Karasu/AppData/Local/Temp/UnrealXGEWorkingDir/
[2020.09.26-17.38.45:658][  0]LogXGEController: Cannot use XGE Controller as Incredibuild is not installed on this machine.
[2020.09.26-17.38.45:658][  0]LogShaderCompilers: Cannot use XGE Shader Compiler as Incredibuild is not installed on this machine.
[2020.09.26-17.38.45:658][  0]LogShaderCompilers: Display: Using Local Shader Compiler.
[2020.09.26-17.38.49:236][  0]LogDerivedDataCache: Display: Max Cache Size: 512 MB
[2020.09.26-17.38.49:474][  0]LogDerivedDataCache: Loaded boot cache 0.24s 106MB C:/Users/Karasu/AppData/Local/UnrealEngine/4.25/DerivedDataCache/Boot.ddc.
[2020.09.26-17.38.49:474][  0]LogDerivedDataCache: Display: Loaded Boot cache: C:/Users/Karasu/AppData/Local/UnrealEngine/4.25/DerivedDataCache/Boot.ddc
[2020.09.26-17.38.49:474][  0]LogDerivedDataCache: FDerivedDataBackendGraph:  Pak pak cache file ../../../../Github Repos/The_Tailor_Game/DerivedDataCache/DDC.ddp not found, will not use a pak cache.
[2020.09.26-17.38.49:474][  0]LogDerivedDataCache: Unable to find inner node Pak for hierarchical cache Hierarchy.
[2020.09.26-17.38.49:474][  0]LogDerivedDataCache: FDerivedDataBackendGraph:  CompressedPak pak cache file ../../../../Github Repos/The_Tailor_Game/DerivedDataCache/Compressed.ddp not found, will not use a pak cache.
[2020.09.26-17.38.49:474][  0]LogDerivedDataCache: Unable to find inner node CompressedPak for hierarchical cache Hierarchy.
[2020.09.26-17.38.49:484][  0]LogDerivedDataCache: Display: Pak cache opened for reading ../../../Engine/DerivedDataCache/Compressed.ddp.
[2020.09.26-17.38.49:484][  0]LogDerivedDataCache: FDerivedDataBackendGraph:  EnterprisePak pak cache file ../../../Enterprise/DerivedDataCache/Compressed.ddp not found, will not use a pak cache.
[2020.09.26-17.38.49:484][  0]LogDerivedDataCache: Unable to find inner node EnterprisePak for hierarchical cache Hierarchy.
[2020.09.26-17.38.49:485][  0]LogDerivedDataCache: Using Local data cache path C:/Users/Karasu/AppData/Local/UnrealEngine/Common/DerivedDataCache: Writable
[2020.09.26-17.38.49:485][  0]LogDerivedDataCache: Shared data cache path not found in *engine.ini, will not use an Shared cache.
[2020.09.26-17.38.49:485][  0]LogDerivedDataCache: Unable to find inner node Shared for hierarchical cache Hierarchy.
[2020.09.26-17.38.49:550][  0]LogSlate: Using FreeType 2.10.0
[2020.09.26-17.38.49:645][  0]LogSlate: SlateFontServices - WITH_FREETYPE: 1, WITH_HARFBUZZ: 1
[2020.09.26-17.38.50:027][  0]LogAssetRegistry: FAssetRegistry took 0.0021 seconds to start up
[2020.09.26-17.38.50:249][  0]LogInit: Selected Device Profile: [Windows]
[2020.09.26-17.38.50:832][  0]LogMeshReduction: Using QuadricMeshReduction for automatic static mesh reduction
[2020.09.26-17.38.50:832][  0]LogMeshReduction: Using SimplygonMeshReduction for automatic skeletal mesh reduction
[2020.09.26-17.38.50:832][  0]LogMeshReduction: Using ProxyLODMeshReduction for automatic mesh merging
[2020.09.26-17.38.50:832][  0]LogMeshReduction: No distributed automatic mesh merging module available
[2020.09.26-17.38.50:832][  0]LogMeshMerging: No distributed automatic mesh merging module available
[2020.09.26-17.38.50:960][  0]LogNetVersion: The_Tailor_Game 1.0.0, NetCL: 13144385, EngineNetVer: 14, GameNetVer: 0 (Checksum: 2961047529)
[2020.09.26-17.38.54:194][  0]LogAISub: UAISubsystem::UAISubsystem AISubsystem (00000223C5899D00), frame # 0
[2020.09.26-17.38.54:195][  0]LogAISub: UAISubsystem::UAISubsystem AIPerceptionSystem (00000223C9B89800), frame # 0
[2020.09.26-17.38.54:196][  0]LogAISub: UAISubsystem::UAISubsystem EnvQueryManager (00000223C9BC9E00), frame # 0
[2020.09.26-17.38.54:266][  0]LogPackageLocalizationCache: Processed 20 localized package path(s) for 1 prioritized culture(s) in 0.065983 seconds
[2020.09.26-17.38.54:271][  0]LogUObjectArray: 15917 objects as part of root set at end of initial load.
[2020.09.26-17.38.54:271][  0]LogUObjectAllocator: 3965568 out of 0 bytes used by permanent object pool.
[2020.09.26-17.38.54:271][  0]LogUObjectArray: CloseDisregardForGC: 0/0 objects in disregard for GC pool
[2020.09.26-17.38.55:959][  0]LogD3D12RHI: Creating RTPSO with 3 shaders (0 cached, 3 new) took 27.82 ms. Compile time 15.16 ms, link time 12.62 ms.
[2020.09.26-17.38.56:979][  0]LogSubstanceCoreModule: Substance [CPU] Engine Loaded, Max Texture Size = 2048
[2020.09.26-17.38.57:128][  0]LogTcpMessaging: Initializing TcpMessaging bridge
[2020.09.26-17.38.57:141][  0]LogUdpMessaging: Initializing bridge on interface 0.0.0.0:0 to multicast group 230.0.0.1:6666.
[2020.09.26-17.38.57:523][  0]SourceControl: Source control is disabled
[2020.09.26-17.38.57:523][  0]LogSourceControl: Git plugin '2.16'
[2020.09.26-17.38.57:523][  0]LogSourceControl: Using 'C:/Program Files/Git/bin/git.exe'
[2020.09.26-17.38.57:523][  0]LogSourceControl: RunCommand: 'git version'
[2020.09.26-17.38.57:561][  0]LogSourceControl: Git version 2.28.0(1)
[2020.09.26-17.38.57:561][  0]LogSourceControl: RunCommand: 'git cat-file -h'
[2020.09.26-17.38.57:598][  0]LogSourceControl: RunCommand: 'git lfs version'
[2020.09.26-17.38.57:688][  0]LogSourceControl: git-lfs/2.11.0 (GitHub; windows amd64; go 1.14.2; git 48b28d97)

[2020.09.26-17.38.57:688][  0]LogSourceControl: RunCommand: 'git symbolic-ref --short --quiet HEAD'
[2020.09.26-17.38.57:731][  0]LogSourceControl: RunCommand: 'git remote get-url origin'
[2020.09.26-17.38.57:773][  0]LogSourceControl: RunCommand: 'git config user.name'
[2020.09.26-17.38.57:807][  0]LogSourceControl: RunCommand: 'git config user.email'
[2020.09.26-17.38.59:370][  0]LogAndroidPermission: UAndroidPermissionCallbackProxy::GetInstance
[2020.09.26-17.38.59:457][  0]LogAudioCaptureCore: Display: No Audio Capture implementations found. Audio input will be silent.
[2020.09.26-17.38.59:457][  0]LogAudioCaptureCore: Display: No Audio Capture implementations found. Audio input will be silent.
[2020.09.26-17.38.59:655][  0]LogOcInput: OculusInput pre-init called
[2020.09.26-17.38.59:683][  0]LogWindows: Failed to load 'OVRPlugin.dll' (GetLastError=126)
[2020.09.26-17.38.59:684][  0]LogWindows: File 'OVRPlugin.dll' does not exist
[2020.09.26-17.39.00:111][  0]LogEngine: Initializing Engine...
[2020.09.26-17.39.00:112][  0]LogHMD: Failed to initialize OpenVR with code 110
[2020.09.26-17.39.00:112][  0]LogMagicLeap: Warning: VR disabled because ZI is not enabled.  To enable, in the editor, Edit -> Project Settings -> Plugins -> Magic Leap Plugin -> Enable Zero Iteration
[2020.09.26-17.39.00:113][  0]LogStats: UGameplayTagsManager::InitializeManager -  0.000 s
[2020.09.26-17.39.00:226][  0]LogInit: Initializing FReadOnlyCVARCache
[2020.09.26-17.39.00:274][  0]LogAIModule: Creating AISystem for world Untitled
[2020.09.26-17.39.00:274][  0]LogAISub: UAISubsystem::UAISubsystem EnvQueryManager (00000223CF9ED200), frame # 0
[2020.09.26-17.39.00:274][  0]LogAISub: UAISubsystem::UAISubsystem AIPerceptionSystem (00000223CF9FE5C0), frame # 0
[2020.09.26-17.39.00:331][  0]LogAudioMixer: Display: Audio Mixer Platform Settings:
[2020.09.26-17.39.00:331][  0]LogAudioMixer: Display: 	Sample Rate:						  48000
[2020.09.26-17.39.00:331][  0]LogAudioMixer: Display: 	Callback Buffer Frame Size Requested: 1024
[2020.09.26-17.39.00:331][  0]LogAudioMixer: Display: 	Callback Buffer Frame Size To Use:	  1024
[2020.09.26-17.39.00:331][  0]LogAudioMixer: Display: 	Number of buffers to queue:			  2
[2020.09.26-17.39.00:331][  0]LogAudioMixer: Display: 	Max Channels (voices):				  32
[2020.09.26-17.39.00:331][  0]LogAudioMixer: Display: 	Number of Async Source Workers:		  0
[2020.09.26-17.39.00:331][  0]LogAudio: Display: AudioDevice MaxSources: 32
[2020.09.26-17.39.00:331][  0]LogAudio: Display: Using built-in audio occlusion.
[2020.09.26-17.39.00:331][  0]LogAudioMixer: Display: Initializing audio mixer.
[2020.09.26-17.39.00:364][  0]LogAudioMixer: Display: 0: FrontLeft
[2020.09.26-17.39.00:364][  0]LogAudioMixer: Display: 1: FrontRight
[2020.09.26-17.39.00:398][  0]LogAudioMixer: Display: Using Audio Device Speakers (4- USB Audio Device)
[2020.09.26-17.39.00:401][  0]LogAudioMixer: Display: Initializing Sound Submixes...
[2020.09.26-17.39.00:403][  0]LogAudioMixer: Display: Creating Master Submix 'MasterSubmixDefault'
[2020.09.26-17.39.00:403][  0]LogAudioMixer: Display: Creating Master Submix 'MasterReverbSubmixDefault'
[2020.09.26-17.39.00:403][  0]LogAudioMixer: Display: Creating Master Submix 'MasterEQSubmixDefault'
[2020.09.26-17.39.00:404][  0]LogInit: FAudioDevice initialized.
[2020.09.26-17.39.00:404][  0]LogNetVersion: Set ProjectVersion to 1.0.0.0. Version Checksum will be recalculated on next use.
[2020.09.26-17.39.00:497][  0]LogDerivedDataCache: Saved boot cache 0.09s 106MB C:/Users/Karasu/AppData/Local/UnrealEngine/4.25/DerivedDataCache/Boot.ddc.
[2020.09.26-17.39.00:503][  0]LogInit: Texture streaming: Enabled
[2020.09.26-17.39.00:596][  0]LogEngineSessionManager: EngineSessionManager initialized
[2020.09.26-17.39.00:596][  0]LogEditorSessionSummary: Verbose: Initializing EditorSessionSummaryWriter for editor session tracking
[2020.09.26-17.39.00:598][  0]LogEditorSessionSummary: EditorSessionSummaryWriter initialized
[2020.09.26-17.39.00:743][  0]LogInit: Transaction tracking system initialized
[2020.09.26-17.39.00:954][  0]BlueprintLog: New page: Editor Load
[2020.09.26-17.39.01:490][  0]LocalizationService: Localization service is disabled
[2020.09.26-17.39.02:230][  0]LogCook: Display: Max memory allowance for cook 16384mb min free memory 0mb
[2020.09.26-17.39.02:230][  0]LogCook: Display: Mobile HDR setting 1
[2020.09.26-17.39.02:355][  0]LogFileCache: Scanning file cache for directory 'Z:/Game Dev/Github Repos/The_Tailor_Game/Content/' took 0.01s
[2020.09.26-17.39.04:139][  0]LogSlate: Took 0.029465 seconds to synchronously load lazily loaded font '../../../Engine/Content/Slate/Fonts/Roboto-Regular.ttf' (155K)
[2020.09.26-17.39.15:625][  0]LogSlate: Window 'Restore Packages' being destroyed
[2020.09.26-17.39.15:640][  0]LogWindowsTextInputMethodSystem: Display: IME system now deactivated.
[2020.09.26-17.39.15:655][  0]LogSourceControl: ExecuteSynchronousCommand(UpdateStatus)
[2020.09.26-17.39.15:671][  0]LogWindowsTextInputMethodSystem: Display: IME system now deactivated.
[2020.09.26-17.39.15:680][  0]LogSourceControl: RunCommand: 'git lfs locks'
[2020.09.26-17.39.17:599][  0]LogSourceControl: LockedFile(Z:/Game Dev/Github Repos/The_Tailor_Game/The_Tailor_Game.uproject, Karasushino)
[2020.09.26-17.39.17:599][  0]LogSourceControl: RunCommand: 'git symbolic-ref --short --quiet HEAD'
[2020.09.26-17.39.17:663][  0]LogSourceControl: RunCommand: 'git status --porcelain --ignored "Z:/Game Dev/Github Repos/The_Tailor_Game/Content/FirstPersonBP/Maps/Room_1.umap"'
[2020.09.26-17.39.17:748][  0]LogSourceControl: ParseStatusResults: 2) General case for one or more files (Z:/Game Dev/Github Repos/The_Tailor_Game/Content/FirstPersonBP/Maps/Room_1.umap, ...)
[2020.09.26-17.39.17:748][  0]LogSourceControl: Status(Z:/Game Dev/Github Repos/The_Tailor_Game/Content/FirstPersonBP/Maps/Room_1.umap) not found but exists => unchanged
[2020.09.26-17.39.17:748][  0]LogSourceControl: Status(Z:/Game Dev/Github Repos/The_Tailor_Game/Content/FirstPersonBP/Maps/Room_1.umap) Not Locked
[2020.09.26-17.39.17:748][  0]LogSourceControl: RunCommand: 'git ls-remote origin master "Z:/Game Dev/Github Repos/The_Tailor_Game/Content/FirstPersonBP/Maps/Room_1.umap"'
[2020.09.26-17.39.18:253][  0]LogSourceControl: RunCommand: 'git diff --name-only origin/master  HEAD "Z:/Game Dev/Github Repos/The_Tailor_Game/Content/FirstPersonBP/Maps/Room_1.umap"'
[2020.09.26-17.39.18:301][  0]LogSourceControl: RunCommand: 'git log -1 --format="%H %s"'
[2020.09.26-17.39.18:353][  0]LogWindowsTextInputMethodSystem: Display: IME system now deactivated.
[2020.09.26-17.39.18:367][  0]LogSourceControl: ExecuteSynchronousCommand(CheckOut)
[2020.09.26-17.39.18:384][  0]LogWindowsTextInputMethodSystem: Display: IME system now deactivated.
[2020.09.26-17.39.18:424][  0]LogSourceControl: RunCommand: 'git lfs lock "Content/FirstPersonBP/Maps/Room_1.umap"'
[2020.09.26-17.39.20:016][  0]LogSourceControl: RunCommand: 'git lfs locks'
[2020.09.26-17.39.20:289][  0]LogD3D12RHI: Error: CommandList->Close() failed 
 at D:/Build/++UE4+Licensee/Sync/Engine/Source/Runtime/D3D12RHI/Private/D3D12CommandList.cpp:134 
 with error E_OUTOFMEMORY

[2020.09.26-17.39.21:535][  0]LogSourceControl: LockedFile(Z:/Game Dev/Github Repos/The_Tailor_Game/Content/FirstPersonBP/Maps/Room_1.umap, Karasushino)
[2020.09.26-17.39.21:535][  0]LogSourceControl: LockedFile(Z:/Game Dev/Github Repos/The_Tailor_Game/The_Tailor_Game.uproject, Karasushino)
[2020.09.26-17.39.21:535][  0]LogSourceControl: RunCommand: 'git symbolic-ref --short --quiet HEAD'
[2020.09.26-17.39.21:578][  0]LogSourceControl: RunCommand: 'git status --porcelain --ignored "Z:/Game Dev/Github Repos/The_Tailor_Game/Content/FirstPersonBP/Maps/Room_1.umap"'
[2020.09.26-17.39.21:620][  0]LogSourceControl: ParseStatusResults: 2) General case for one or more files (Z:/Game Dev/Github Repos/The_Tailor_Game/Content/FirstPersonBP/Maps/Room_1.umap, ...)
[2020.09.26-17.39.21:620][  0]LogSourceControl: Status(Z:/Game Dev/Github Repos/The_Tailor_Game/Content/FirstPersonBP/Maps/Room_1.umap) not found but exists => unchanged
[2020.09.26-17.39.21:620][  0]LogSourceControl: Status(Z:/Game Dev/Github Repos/The_Tailor_Game/Content/FirstPersonBP/Maps/Room_1.umap) Locked by 'Karasushino'
[2020.09.26-17.39.21:620][  0]LogSourceControl: RunCommand: 'git ls-remote origin master "Z:/Game Dev/Github Repos/The_Tailor_Game/Content/FirstPersonBP/Maps/Room_1.umap"'
[2020.09.26-17.39.22:107][  0]LogSourceControl: RunCommand: 'git diff --name-only origin/master  HEAD "Z:/Game Dev/Github Repos/The_Tailor_Game/Content/FirstPersonBP/Maps/Room_1.umap"'
[2020.09.26-17.39.29:073][  0]LogConsoleResponse:      4 = 64 KB (2D 1x1 PF_B8G8R8A8 RT) BlackAlphaOneDummy
[2020.09.26-17.39.29:073][  0]LogConsoleResponse:      2 = 64 KB (2D 1x1 PF_B8G8R8A8 RT) BlackDummy
[2020.09.26-17.39.29:073][  0]LogConsoleResponse:      6 = 64 KB (2D 1x1 PF_B8G8R8A8 RT) DefaultNormal8Bit
[2020.09.26-17.39.29:073][  0]LogConsoleResponse:      5 = 64 KB (2D 1x1 PF_B8G8R8A8 RT) GreenDummy
[2020.09.26-17.39.29:073][  0]LogConsoleResponse:      1 = 64 KB (2D 1x1 PF_B8G8R8A8 RT) WhiteDummy
[2020.09.26-17.39.29:073][  0]LogConsoleResponse:      9 = 64 KB (2D 1x1 PF_DepthStencil) DepthDummy
[2020.09.26-17.39.29:073][  0]LogConsoleResponse:      8 = 64 KB (2D 1x1 PF_FloatRGBA RT) MaxFP16Depth
[2020.09.26-17.39.29:073][  0]LogConsoleResponse:     11 = 64 KB (2D 1x1 PF_FloatRGBA RT) MidGreyDummy
[2020.09.26-17.39.29:073][  0]LogConsoleResponse:      3 = 64 KB (2D 1x1 PF_R32_UINT RT) ZeroUIntDummy
[2020.09.26-17.39.29:073][  0]LogConsoleResponse:     10 = 64 KB (2D 1x1 PF_R8G8B8A8_UINT RT) StencilDummy
[2020.09.26-17.39.29:073][  0]LogConsoleResponse:     13 = 64 KB (3D 1x1x1 PF_B8G8R8A8 RT) VolumetricBlackDummy
[2020.09.26-17.39.29:073][  0]LogConsoleResponse:     15 = 16 KB (3D 16x16x16 PF_B8G8R8A8) PerlinNoise3D
[2020.09.26-17.39.29:073][  0]LogConsoleResponse:      7 = 0 KB (2D 128x128 PF_B8G8R8A8) PerlinNoiseGradient
[2020.09.26-17.39.29:073][  0]LogConsoleResponse:     14 = 0 KB (2D 128x32 PF_G16R16) PreintegratedGF
[2020.09.26-17.39.29:073][  0]LogConsoleResponse:     12 = 0 KB (2D 32x16 PF_R16_UINT) SobolSampling
[2020.09.26-17.39.29:073][  0]LogConsoleResponse:     17 = 0 KB (2D 4x4 PF_R8G8B8A8) GTAORandomization
[2020.09.26-17.39.29:073][  0]LogConsoleResponse:     18 = 0 KB (2D 64x64 PF_FloatRGBA VRam) LTCMat VRamInKB(Start/Size):<NONE>
[2020.09.26-17.39.29:073][  0]LogConsoleResponse:     19 = 0 KB (2D 64x64 PF_G16R16F VRam) LTCAmp VRamInKB(Start/Size):<NONE>
[2020.09.26-17.39.29:073][  0]LogConsoleResponse:     16 = 0 KB (2D 64x64 PF_R8G8) SSAORandomization
[2020.09.26-17.39.29:073][  0]LogConsoleResponse: 
[2020.09.26-17.39.29:073][  0]LogConsoleResponse: Pool: 1/1 MB (referenced/allocated)
[2020.09.26-17.39.29:073][  0]Cmd: rhi.DumpMemory
[2020.09.26-17.39.29:075][  0]RHI resource memory (not tracked by our allocator)
[2020.09.26-17.39.29:075][  0]           65536  -  Render target memory 3D - STAT_RenderTargetMemory3D - STATGROUP_RHI - STATCAT_Advanced
[2020.09.26-17.39.29:075][  0]        65011712  -  Texture memory 2D - STAT_TextureMemory2D - STATGROUP_RHI - STATCAT_Advanced
[2020.09.26-17.39.29:075][  0]        16842752  -  Texture memory Cube - STAT_TextureMemoryCube - STATGROUP_RHI - STATCAT_Advanced
[2020.09.26-17.39.29:075][  0]            3652  -  Structured buffer memory - STAT_StructuredBufferMemory - STATGROUP_RHI - STATCAT_Advanced
[2020.09.26-17.39.29:075][  0]          123648  -  Uniform buffer memory - STAT_UniformBufferMemory - STATGROUP_RHI - STATCAT_Advanced
[2020.09.26-17.39.29:075][  0]           65536  -  Texture memory 3D - STAT_TextureMemory3D - STATGROUP_RHI - STATCAT_Advanced
[2020.09.26-17.39.29:075][  0]        62980096  -  Render target memory 2D - STAT_RenderTargetMemory2D - STATGROUP_RHI - STATCAT_Advanced
[2020.09.26-17.39.29:075][  0]         2346610  -  Index buffer memory - STAT_IndexBufferMemory - STATGROUP_RHI - STATCAT_Advanced
[2020.09.26-17.39.29:075][  0]         5901536  -  Vertex buffer memory - STAT_VertexBufferMemory - STATGROUP_RHI - STATCAT_Advanced
[2020.09.26-17.39.29:075][  0]146.237MB total
[2020.09.26-17.39.29:075][  0]LogWindows: FPlatformMisc::RequestExit(1)
[2020.09.26-17.39.29:075][  0]LogCore: Engine exit requested (reason: Win RequestExit)
[2020.09.26-17.39.29:103][  0]Log file closed, 09/26/20 18:39:29
